{"/Users/jeonbyeongmin/project/project/took/App.tsx": {"path":"/Users/jeonbyeongmin/project/project/took/App.tsx","statementMap":{"0":{"start":{"line":7,"column":2},"end":{"line":13,"column":4}}},"fnMap":{"0":{"name":"App","decl":{"start":{"line":6,"column":9},"end":{"line":6,"column":12}},"loc":{"start":{"line":6,"column":15},"end":{"line":14,"column":1}},"line":6}},"branchMap":{},"s":{"0":1},"f":{"0":1},"b":{},"_coverageSchema":"1a1c01bbd47fc00a2c39e90264f33305004495a9","hash":"c1a0744dc36365e529d5bd4b7ce5943e869d18c8"}
,"/Users/jeonbyeongmin/project/project/took/assetsTransformer.js": {"path":"/Users/jeonbyeongmin/project/project/took/assetsTransformer.js","statementMap":{"0":{"start":{"line":1,"column":13},"end":{"line":1,"column":28}},"1":{"start":{"line":3,"column":0},"end":{"line":7,"column":2}},"2":{"start":{"line":5,"column":4},"end":{"line":5,"column":79}}},"fnMap":{"0":{"name":"(anonymous_0)","decl":{"start":{"line":4,"column":2},"end":{"line":4,"column":3}},"loc":{"start":{"line":4,"column":42},"end":{"line":6,"column":3}},"line":4}},"branchMap":{},"s":{"0":1,"1":1,"2":0},"f":{"0":0},"b":{},"_coverageSchema":"1a1c01bbd47fc00a2c39e90264f33305004495a9","hash":"8efe391702748145c66ec9c7f105e696b9280935"}
,"/Users/jeonbyeongmin/project/project/took/src/common/HOC/AuthHOC.tsx": {"path":"/Users/jeonbyeongmin/project/project/took/src/common/HOC/AuthHOC.tsx","statementMap":{"0":{"start":{"line":9,"column":4},"end":{"line":9,"column":37}},"1":{"start":{"line":11,"column":4},"end":{"line":11,"column":43}},"2":{"start":{"line":13,"column":2},"end":{"line":13,"column":29}}},"fnMap":{"0":{"name":"(anonymous_0)","decl":{"start":{"line":4,"column":15},"end":{"line":4,"column":16}},"loc":{"start":{"line":4,"column":72},"end":{"line":14,"column":1}},"line":4},"1":{"name":"AuthenticationCheck","decl":{"start":{"line":5,"column":11},"end":{"line":5,"column":30}},"loc":{"start":{"line":5,"column":43},"end":{"line":12,"column":3}},"line":5}},"branchMap":{},"s":{"0":0,"1":0,"2":1},"f":{"0":1,"1":0},"b":{},"_coverageSchema":"1a1c01bbd47fc00a2c39e90264f33305004495a9","hash":"b102051b94801fde5e2555d669667623dbf7ae9e"}
,"/Users/jeonbyeongmin/project/project/took/src/common/api/fireAuth.tsx": {"path":"/Users/jeonbyeongmin/project/project/took/src/common/api/fireAuth.tsx","statementMap":{"0":{"start":{"line":4,"column":2},"end":{"line":4,"column":43}},"1":{"start":{"line":8,"column":15},"end":{"line":8,"column":33}},"2":{"start":{"line":9,"column":2},"end":{"line":13,"column":4}},"3":{"start":{"line":17,"column":2},"end":{"line":23,"column":3}},"4":{"start":{"line":18,"column":21},"end":{"line":18,"column":77}},"5":{"start":{"line":19,"column":4},"end":{"line":19,"column":20}},"6":{"start":{"line":21,"column":4},"end":{"line":21,"column":23}},"7":{"start":{"line":22,"column":4},"end":{"line":22,"column":17}},"8":{"start":{"line":27,"column":2},"end":{"line":38,"column":3}},"9":{"start":{"line":28,"column":21},"end":{"line":31,"column":5}},"10":{"start":{"line":33,"column":4},"end":{"line":33,"column":32}},"11":{"start":{"line":35,"column":4},"end":{"line":35,"column":44}},"12":{"start":{"line":37,"column":4},"end":{"line":37,"column":35}},"13":{"start":{"line":42,"column":2},"end":{"line":50,"column":3}},"14":{"start":{"line":43,"column":21},"end":{"line":45,"column":6}},"15":{"start":{"line":47,"column":4},"end":{"line":47,"column":20}},"16":{"start":{"line":49,"column":4},"end":{"line":49,"column":23}},"17":{"start":{"line":54,"column":2},"end":{"line":54,"column":45}},"18":{"start":{"line":58,"column":2},"end":{"line":58,"column":26}}},"fnMap":{"0":{"name":"isLoggedIn","decl":{"start":{"line":3,"column":16},"end":{"line":3,"column":26}},"loc":{"start":{"line":3,"column":29},"end":{"line":5,"column":1}},"line":3},"1":{"name":"getUserInfo","decl":{"start":{"line":7,"column":16},"end":{"line":7,"column":27}},"loc":{"start":{"line":7,"column":30},"end":{"line":14,"column":1}},"line":7},"2":{"name":"signIn","decl":{"start":{"line":16,"column":22},"end":{"line":16,"column":28}},"loc":{"start":{"line":16,"column":62},"end":{"line":24,"column":1}},"line":16},"3":{"name":"signUp","decl":{"start":{"line":26,"column":22},"end":{"line":26,"column":28}},"loc":{"start":{"line":26,"column":76},"end":{"line":39,"column":1}},"line":26},"4":{"name":"changeProfile","decl":{"start":{"line":41,"column":22},"end":{"line":41,"column":35}},"loc":{"start":{"line":41,"column":60},"end":{"line":51,"column":1}},"line":41},"5":{"name":"subscribeAuth","decl":{"start":{"line":53,"column":16},"end":{"line":53,"column":29}},"loc":{"start":{"line":53,"column":52},"end":{"line":55,"column":1}},"line":53},"6":{"name":"signOut","decl":{"start":{"line":57,"column":16},"end":{"line":57,"column":23}},"loc":{"start":{"line":57,"column":26},"end":{"line":59,"column":1}},"line":57}},"branchMap":{"0":{"loc":{"start":{"line":4,"column":9},"end":{"line":4,"column":42}},"type":"cond-expr","locations":[{"start":{"line":4,"column":30},"end":{"line":4,"column":34}},{"start":{"line":4,"column":37},"end":{"line":4,"column":42}}],"line":4}},"s":{"0":0,"1":1,"2":1,"3":0,"4":0,"5":0,"6":0,"7":0,"8":0,"9":0,"10":0,"11":0,"12":0,"13":0,"14":0,"15":0,"16":0,"17":0,"18":0},"f":{"0":0,"1":1,"2":0,"3":0,"4":0,"5":0,"6":0},"b":{"0":[0,0]},"_coverageSchema":"1a1c01bbd47fc00a2c39e90264f33305004495a9","hash":"9e84f883587664d6899d0793c2b106aa55398c69"}
,"/Users/jeonbyeongmin/project/project/took/src/common/api/registation.tsx": {"path":"/Users/jeonbyeongmin/project/project/took/src/common/api/registation.tsx","statementMap":{"0":{"start":{"line":2,"column":21},"end":{"line":2,"column":43}},"1":{"start":{"line":4,"column":24},"end":{"line":24,"column":1}},"2":{"start":{"line":5,"column":19},"end":{"line":22,"column":6}},"3":{"start":{"line":8,"column":6},"end":{"line":8,"column":23}},"4":{"start":{"line":9,"column":6},"end":{"line":9,"column":22}},"5":{"start":{"line":12,"column":6},"end":{"line":20,"column":7}},"6":{"start":{"line":13,"column":8},"end":{"line":13,"column":41}},"7":{"start":{"line":14,"column":8},"end":{"line":14,"column":43}},"8":{"start":{"line":15,"column":8},"end":{"line":15,"column":44}},"9":{"start":{"line":16,"column":13},"end":{"line":20,"column":7}},"10":{"start":{"line":17,"column":8},"end":{"line":17,"column":35}},"11":{"start":{"line":19,"column":8},"end":{"line":19,"column":44}},"12":{"start":{"line":21,"column":6},"end":{"line":21,"column":32}},"13":{"start":{"line":23,"column":2},"end":{"line":23,"column":23}},"14":{"start":{"line":26,"column":25},"end":{"line":47,"column":1}},"15":{"start":{"line":27,"column":2},"end":{"line":27,"column":33}},"16":{"start":{"line":28,"column":19},"end":{"line":45,"column":6}},"17":{"start":{"line":31,"column":6},"end":{"line":31,"column":23}},"18":{"start":{"line":32,"column":6},"end":{"line":32,"column":22}},"19":{"start":{"line":35,"column":6},"end":{"line":43,"column":7}},"20":{"start":{"line":36,"column":8},"end":{"line":36,"column":41}},"21":{"start":{"line":37,"column":8},"end":{"line":37,"column":43}},"22":{"start":{"line":38,"column":8},"end":{"line":38,"column":44}},"23":{"start":{"line":39,"column":13},"end":{"line":43,"column":7}},"24":{"start":{"line":40,"column":8},"end":{"line":40,"column":35}},"25":{"start":{"line":42,"column":8},"end":{"line":42,"column":44}},"26":{"start":{"line":44,"column":6},"end":{"line":44,"column":32}},"27":{"start":{"line":46,"column":2},"end":{"line":46,"column":23}}},"fnMap":{"0":{"name":"(anonymous_0)","decl":{"start":{"line":4,"column":24},"end":{"line":4,"column":25}},"loc":{"start":{"line":4,"column":51},"end":{"line":24,"column":1}},"line":4},"1":{"name":"(anonymous_1)","decl":{"start":{"line":7,"column":10},"end":{"line":7,"column":11}},"loc":{"start":{"line":7,"column":17},"end":{"line":10,"column":5}},"line":7},"2":{"name":"(anonymous_2)","decl":{"start":{"line":11,"column":11},"end":{"line":11,"column":12}},"loc":{"start":{"line":11,"column":20},"end":{"line":22,"column":5}},"line":11},"3":{"name":"(anonymous_3)","decl":{"start":{"line":26,"column":25},"end":{"line":26,"column":26}},"loc":{"start":{"line":26,"column":63},"end":{"line":47,"column":1}},"line":26},"4":{"name":"(anonymous_4)","decl":{"start":{"line":30,"column":10},"end":{"line":30,"column":11}},"loc":{"start":{"line":30,"column":17},"end":{"line":33,"column":5}},"line":30},"5":{"name":"(anonymous_5)","decl":{"start":{"line":34,"column":11},"end":{"line":34,"column":12}},"loc":{"start":{"line":34,"column":20},"end":{"line":45,"column":5}},"line":34}},"branchMap":{"0":{"loc":{"start":{"line":12,"column":6},"end":{"line":20,"column":7}},"type":"if","locations":[{"start":{"line":12,"column":6},"end":{"line":20,"column":7}},{"start":{"line":16,"column":13},"end":{"line":20,"column":7}}],"line":12},"1":{"loc":{"start":{"line":16,"column":13},"end":{"line":20,"column":7}},"type":"if","locations":[{"start":{"line":16,"column":13},"end":{"line":20,"column":7}},{"start":{"line":18,"column":13},"end":{"line":20,"column":7}}],"line":16},"2":{"loc":{"start":{"line":35,"column":6},"end":{"line":43,"column":7}},"type":"if","locations":[{"start":{"line":35,"column":6},"end":{"line":43,"column":7}},{"start":{"line":39,"column":13},"end":{"line":43,"column":7}}],"line":35},"3":{"loc":{"start":{"line":39,"column":13},"end":{"line":43,"column":7}},"type":"if","locations":[{"start":{"line":39,"column":13},"end":{"line":43,"column":7}},{"start":{"line":41,"column":13},"end":{"line":43,"column":7}}],"line":39}},"s":{"0":1,"1":1,"2":0,"3":0,"4":0,"5":0,"6":0,"7":0,"8":0,"9":0,"10":0,"11":0,"12":0,"13":0,"14":1,"15":0,"16":0,"17":0,"18":0,"19":0,"20":0,"21":0,"22":0,"23":0,"24":0,"25":0,"26":0,"27":0},"f":{"0":0,"1":0,"2":0,"3":0,"4":0,"5":0},"b":{"0":[0,0],"1":[0,0],"2":[0,0],"3":[0,0]},"_coverageSchema":"1a1c01bbd47fc00a2c39e90264f33305004495a9","hash":"f8fb87823a0abb55df18ffae04aa8b3b4b402d6f"}
,"/Users/jeonbyeongmin/project/project/took/src/common/utils/categoryList.ts": {"path":"/Users/jeonbyeongmin/project/project/took/src/common/utils/categoryList.ts","statementMap":{"0":{"start":{"line":1,"column":28},"end":{"line":62,"column":1}}},"fnMap":{},"branchMap":{},"s":{"0":1},"f":{},"b":{},"_coverageSchema":"1a1c01bbd47fc00a2c39e90264f33305004495a9","hash":"02fcd6195aa124752cc6df11cf35bbd8c688d32e"}
,"/Users/jeonbyeongmin/project/project/took/src/common/utils/permission.tsx": {"path":"/Users/jeonbyeongmin/project/project/took/src/common/utils/permission.tsx","statementMap":{"0":{"start":{"line":4,"column":21},"end":{"line":4,"column":74}},"1":{"start":{"line":6,"column":24},"end":{"line":6,"column":66}},"2":{"start":{"line":7,"column":2},"end":{"line":9,"column":3}},"3":{"start":{"line":8,"column":4},"end":{"line":8,"column":16}},"4":{"start":{"line":11,"column":17},"end":{"line":11,"column":61}},"5":{"start":{"line":12,"column":2},"end":{"line":12,"column":30}},"6":{"start":{"line":16,"column":2},"end":{"line":24,"column":3}},"7":{"start":{"line":17,"column":4},"end":{"line":21,"column":5}},"8":{"start":{"line":18,"column":6},"end":{"line":20,"column":8}},"9":{"start":{"line":23,"column":4},"end":{"line":23,"column":19}}},"fnMap":{"0":{"name":"hasAndroidPermission","decl":{"start":{"line":3,"column":22},"end":{"line":3,"column":42}},"loc":{"start":{"line":3,"column":45},"end":{"line":13,"column":1}},"line":3},"1":{"name":"requestPermission","decl":{"start":{"line":15,"column":22},"end":{"line":15,"column":39}},"loc":{"start":{"line":15,"column":42},"end":{"line":25,"column":1}},"line":15}},"branchMap":{"0":{"loc":{"start":{"line":7,"column":2},"end":{"line":9,"column":3}},"type":"if","locations":[{"start":{"line":7,"column":2},"end":{"line":9,"column":3}},{"start":{},"end":{}}],"line":7},"1":{"loc":{"start":{"line":17,"column":4},"end":{"line":21,"column":5}},"type":"if","locations":[{"start":{"line":17,"column":4},"end":{"line":21,"column":5}},{"start":{},"end":{}}],"line":17}},"s":{"0":0,"1":0,"2":0,"3":0,"4":0,"5":0,"6":0,"7":0,"8":0,"9":0},"f":{"0":0,"1":0},"b":{"0":[0,0],"1":[0,0]},"_coverageSchema":"1a1c01bbd47fc00a2c39e90264f33305004495a9","hash":"3a2223792a8cc7e68c408d109a526e300282a988"}
,"/Users/jeonbyeongmin/project/project/took/src/components/BackgroundImage/index.tsx": {"path":"/Users/jeonbyeongmin/project/project/took/src/components/BackgroundImage/index.tsx","statementMap":{"0":{"start":{"line":11,"column":2},"end":{"line":21,"column":4}},"1":{"start":{"line":24,"column":11},"end":{"line":29,"column":1}}},"fnMap":{"0":{"name":"BackgroundImage","decl":{"start":{"line":10,"column":9},"end":{"line":10,"column":24}},"loc":{"start":{"line":10,"column":60},"end":{"line":22,"column":1}},"line":10}},"branchMap":{},"s":{"0":3,"1":1},"f":{"0":3},"b":{},"_coverageSchema":"1a1c01bbd47fc00a2c39e90264f33305004495a9","hash":"1ef49ccd3400b743f25063fab015de71dcd9aeba"}
,"/Users/jeonbyeongmin/project/project/took/src/components/BadgeList/index.tsx": {"path":"/Users/jeonbyeongmin/project/project/took/src/components/BadgeList/index.tsx","statementMap":{"0":{"start":{"line":10,"column":2},"end":{"line":23,"column":4}},"1":{"start":{"line":13,"column":8},"end":{"line":20,"column":16}},"2":{"start":{"line":26,"column":14},"end":{"line":28,"column":1}}},"fnMap":{"0":{"name":"BadgeList","decl":{"start":{"line":9,"column":9},"end":{"line":9,"column":18}},"loc":{"start":{"line":9,"column":39},"end":{"line":24,"column":1}},"line":9},"1":{"name":"(anonymous_1)","decl":{"start":{"line":12,"column":16},"end":{"line":12,"column":17}},"loc":{"start":{"line":13,"column":8},"end":{"line":20,"column":16}},"line":13}},"branchMap":{},"s":{"0":0,"1":0,"2":1},"f":{"0":0,"1":0},"b":{},"_coverageSchema":"1a1c01bbd47fc00a2c39e90264f33305004495a9","hash":"bce5b49fbe4160f0f169ebe3b8601ca0e14adc67"}
,"/Users/jeonbyeongmin/project/project/took/src/components/Button/index.tsx": {"path":"/Users/jeonbyeongmin/project/project/took/src/components/Button/index.tsx","statementMap":{"0":{"start":{"line":11,"column":2},"end":{"line":19,"column":4}},"1":{"start":{"line":22,"column":19},"end":{"line":27,"column":1}}},"fnMap":{"0":{"name":"Button","decl":{"start":{"line":10,"column":9},"end":{"line":10,"column":15}},"loc":{"start":{"line":10,"column":46},"end":{"line":20,"column":1}},"line":10}},"branchMap":{},"s":{"0":0,"1":1},"f":{"0":0},"b":{},"_coverageSchema":"1a1c01bbd47fc00a2c39e90264f33305004495a9","hash":"9174b7314863788519c756f631ccc4e4d349ff41"}
,"/Users/jeonbyeongmin/project/project/took/src/components/Camera/index.tsx": {"path":"/Users/jeonbyeongmin/project/project/took/src/components/Camera/index.tsx","statementMap":{"0":{"start":{"line":15,"column":20},"end":{"line":25,"column":1}},"1":{"start":{"line":16,"column":2},"end":{"line":24,"column":9}},"2":{"start":{"line":28,"column":20},"end":{"line":39,"column":3}},"3":{"start":{"line":30,"column":4},"end":{"line":38,"column":5}},"4":{"start":{"line":31,"column":22},"end":{"line":33,"column":8}},"5":{"start":{"line":34,"column":6},"end":{"line":34,"column":25}},"6":{"start":{"line":37,"column":6},"end":{"line":37,"column":37}},"7":{"start":{"line":41,"column":22},"end":{"line":55,"column":3}},"8":{"start":{"line":42,"column":20},"end":{"line":42,"column":48}},"9":{"start":{"line":43,"column":17},"end":{"line":43,"column":55}},"10":{"start":{"line":45,"column":4},"end":{"line":54,"column":5}},"11":{"start":{"line":46,"column":6},"end":{"line":48,"column":7}},"12":{"start":{"line":47,"column":8},"end":{"line":47,"column":15}},"13":{"start":{"line":49,"column":21},"end":{"line":49,"column":52}},"14":{"start":{"line":50,"column":6},"end":{"line":50,"column":41}},"15":{"start":{"line":53,"column":6},"end":{"line":53,"column":25}},"16":{"start":{"line":57,"column":2},"end":{"line":88,"column":4}},"17":{"start":{"line":77,"column":10},"end":{"line":79,"column":11}},"18":{"start":{"line":78,"column":12},"end":{"line":78,"column":35}},"19":{"start":{"line":80,"column":10},"end":{"line":84,"column":12}},"20":{"start":{"line":82,"column":37},"end":{"line":82,"column":56}}},"fnMap":{"0":{"name":"(anonymous_0)","decl":{"start":{"line":15,"column":20},"end":{"line":15,"column":21}},"loc":{"start":{"line":16,"column":2},"end":{"line":24,"column":9}},"line":16},"1":{"name":"Camera","decl":{"start":{"line":27,"column":9},"end":{"line":27,"column":15}},"loc":{"start":{"line":27,"column":60},"end":{"line":89,"column":1}},"line":27},"2":{"name":"(anonymous_2)","decl":{"start":{"line":28,"column":20},"end":{"line":28,"column":21}},"loc":{"start":{"line":28,"column":32},"end":{"line":39,"column":3}},"line":28},"3":{"name":"(anonymous_3)","decl":{"start":{"line":41,"column":22},"end":{"line":41,"column":23}},"loc":{"start":{"line":41,"column":50},"end":{"line":55,"column":3}},"line":41},"4":{"name":"(anonymous_4)","decl":{"start":{"line":76,"column":9},"end":{"line":76,"column":10}},"loc":{"start":{"line":76,"column":31},"end":{"line":85,"column":9}},"line":76},"5":{"name":"(anonymous_5)","decl":{"start":{"line":82,"column":31},"end":{"line":82,"column":32}},"loc":{"start":{"line":82,"column":37},"end":{"line":82,"column":56}},"line":82}},"branchMap":{"0":{"loc":{"start":{"line":45,"column":4},"end":{"line":54,"column":5}},"type":"if","locations":[{"start":{"line":45,"column":4},"end":{"line":54,"column":5}},{"start":{},"end":{}}],"line":45},"1":{"loc":{"start":{"line":46,"column":6},"end":{"line":48,"column":7}},"type":"if","locations":[{"start":{"line":46,"column":6},"end":{"line":48,"column":7}},{"start":{},"end":{}}],"line":46},"2":{"loc":{"start":{"line":46,"column":10},"end":{"line":46,"column":70}},"type":"binary-expr","locations":[{"start":{"line":46,"column":10},"end":{"line":46,"column":35}},{"start":{"line":46,"column":39},"end":{"line":46,"column":70}}],"line":46},"3":{"loc":{"start":{"line":77,"column":10},"end":{"line":79,"column":11}},"type":"if","locations":[{"start":{"line":77,"column":10},"end":{"line":79,"column":11}},{"start":{},"end":{}}],"line":77}},"s":{"0":1,"1":0,"2":0,"3":0,"4":0,"5":0,"6":0,"7":0,"8":0,"9":0,"10":0,"11":0,"12":0,"13":0,"14":0,"15":0,"16":0,"17":0,"18":0,"19":0,"20":0},"f":{"0":0,"1":0,"2":0,"3":0,"4":0,"5":0},"b":{"0":[0,0],"1":[0,0],"2":[0,0],"3":[0,0]},"_coverageSchema":"1a1c01bbd47fc00a2c39e90264f33305004495a9","hash":"7838303edcfa4b014eb4c14e19a7b500c1b7d052"}
,"/Users/jeonbyeongmin/project/project/took/src/components/CategoryCheckbox/index.tsx": {"path":"/Users/jeonbyeongmin/project/project/took/src/components/CategoryCheckbox/index.tsx","statementMap":{"0":{"start":{"line":10,"column":2},"end":{"line":33,"column":4}},"1":{"start":{"line":17,"column":10},"end":{"line":17,"column":38}},"2":{"start":{"line":23,"column":12},"end":{"line":27,"column":18}}},"fnMap":{"0":{"name":"CategoryCheckbox","decl":{"start":{"line":9,"column":9},"end":{"line":9,"column":25}},"loc":{"start":{"line":9,"column":62},"end":{"line":34,"column":1}},"line":9},"1":{"name":"(anonymous_1)","decl":{"start":{"line":16,"column":18},"end":{"line":16,"column":19}},"loc":{"start":{"line":16,"column":28},"end":{"line":18,"column":9}},"line":16},"2":{"name":"(anonymous_2)","decl":{"start":{"line":22,"column":22},"end":{"line":22,"column":23}},"loc":{"start":{"line":23,"column":12},"end":{"line":27,"column":18}},"line":23}},"branchMap":{"0":{"loc":{"start":{"line":17,"column":24},"end":{"line":17,"column":36}},"type":"binary-expr","locations":[{"start":{"line":17,"column":24},"end":{"line":17,"column":30}},{"start":{"line":17,"column":34},"end":{"line":17,"column":36}}],"line":17}},"s":{"0":0,"1":0,"2":0},"f":{"0":0,"1":0,"2":0},"b":{"0":[0,0]},"_coverageSchema":"1a1c01bbd47fc00a2c39e90264f33305004495a9","hash":"109be146f2671048dc099b630fb20d3fde0204a4"}
,"/Users/jeonbyeongmin/project/project/took/src/components/ErrorMsg/index.tsx": {"path":"/Users/jeonbyeongmin/project/project/took/src/components/ErrorMsg/index.tsx","statementMap":{"0":{"start":{"line":9,"column":2},"end":{"line":9,"column":53}}},"fnMap":{"0":{"name":"ErrorMsg","decl":{"start":{"line":8,"column":9},"end":{"line":8,"column":17}},"loc":{"start":{"line":8,"column":41},"end":{"line":10,"column":1}},"line":8}},"branchMap":{},"s":{"0":1},"f":{"0":1},"b":{},"_coverageSchema":"1a1c01bbd47fc00a2c39e90264f33305004495a9","hash":"f17daea72c885a522110d1b6e58b06d3f2db1820"}
,"/Users/jeonbyeongmin/project/project/took/src/components/Header/index.tsx": {"path":"/Users/jeonbyeongmin/project/project/took/src/components/Header/index.tsx","statementMap":{"0":{"start":{"line":11,"column":2},"end":{"line":24,"column":4}}},"fnMap":{"0":{"name":"Header","decl":{"start":{"line":10,"column":9},"end":{"line":10,"column":15}},"loc":{"start":{"line":10,"column":36},"end":{"line":25,"column":1}},"line":10}},"branchMap":{},"s":{"0":1},"f":{"0":1},"b":{},"_coverageSchema":"1a1c01bbd47fc00a2c39e90264f33305004495a9","hash":"a9cfc91b89e5bd6ddeb7856f0967cda1540f0d24"}
,"/Users/jeonbyeongmin/project/project/took/src/components/Icon/index.tsx": {"path":"/Users/jeonbyeongmin/project/project/took/src/components/Icon/index.tsx","statementMap":{"0":{"start":{"line":10,"column":2},"end":{"line":14,"column":4}},"1":{"start":{"line":18,"column":2},"end":{"line":22,"column":4}},"2":{"start":{"line":26,"column":2},"end":{"line":26,"column":53}},"3":{"start":{"line":30,"column":2},"end":{"line":30,"column":63}}},"fnMap":{"0":{"name":"BackIcon","decl":{"start":{"line":9,"column":16},"end":{"line":9,"column":24}},"loc":{"start":{"line":9,"column":43},"end":{"line":15,"column":1}},"line":9},"1":{"name":"SettingIcon","decl":{"start":{"line":17,"column":16},"end":{"line":17,"column":27}},"loc":{"start":{"line":17,"column":46},"end":{"line":23,"column":1}},"line":17},"2":{"name":"HeartOutlineIcon","decl":{"start":{"line":25,"column":16},"end":{"line":25,"column":32}},"loc":{"start":{"line":25,"column":35},"end":{"line":27,"column":1}},"line":25},"3":{"name":"HeartIcon","decl":{"start":{"line":29,"column":16},"end":{"line":29,"column":25}},"loc":{"start":{"line":29,"column":28},"end":{"line":31,"column":1}},"line":29}},"branchMap":{},"s":{"0":0,"1":1,"2":0,"3":0},"f":{"0":0,"1":1,"2":0,"3":0},"b":{},"_coverageSchema":"1a1c01bbd47fc00a2c39e90264f33305004495a9","hash":"940d5b758c318291b5d00f22b04f5788f5abf851"}
,"/Users/jeonbyeongmin/project/project/took/src/components/Input/index.tsx": {"path":"/Users/jeonbyeongmin/project/project/took/src/components/Input/index.tsx","statementMap":{"0":{"start":{"line":14,"column":2},"end":{"line":16,"column":3}},"1":{"start":{"line":19,"column":2},"end":{"line":31,"column":4}}},"fnMap":{"0":{"name":"Input","decl":{"start":{"line":13,"column":9},"end":{"line":13,"column":14}},"loc":{"start":{"line":13,"column":44},"end":{"line":32,"column":1}},"line":13}},"branchMap":{"0":{"loc":{"start":{"line":14,"column":2},"end":{"line":16,"column":3}},"type":"if","locations":[{"start":{"line":14,"column":2},"end":{"line":16,"column":3}},{"start":{},"end":{}}],"line":14}},"s":{"0":34,"1":34},"f":{"0":34},"b":{"0":[0,34]},"_coverageSchema":"1a1c01bbd47fc00a2c39e90264f33305004495a9","hash":"d6c21a959ab7059ebe8a60de5093e598592711b4"}
,"/Users/jeonbyeongmin/project/project/took/src/components/PressableBox/index.tsx": {"path":"/Users/jeonbyeongmin/project/project/took/src/components/PressableBox/index.tsx","statementMap":{"0":{"start":{"line":13,"column":2},"end":{"line":28,"column":4}},"1":{"start":{"line":24,"column":10},"end":{"line":24,"column":69}}},"fnMap":{"0":{"name":"PressableBox","decl":{"start":{"line":12,"column":9},"end":{"line":12,"column":21}},"loc":{"start":{"line":12,"column":67},"end":{"line":29,"column":1}},"line":12},"1":{"name":"(anonymous_1)","decl":{"start":{"line":23,"column":9},"end":{"line":23,"column":10}},"loc":{"start":{"line":23,"column":26},"end":{"line":25,"column":9}},"line":23}},"branchMap":{"0":{"loc":{"start":{"line":24,"column":31},"end":{"line":24,"column":50}},"type":"cond-expr","locations":[{"start":{"line":24,"column":43},"end":{"line":24,"column":46}},{"start":{"line":24,"column":49},"end":{"line":24,"column":50}}],"line":24}},"s":{"0":6,"1":6},"f":{"0":6,"1":6},"b":{"0":[0,6]},"_coverageSchema":"1a1c01bbd47fc00a2c39e90264f33305004495a9","hash":"d860a808753d8a220c1d5654a9eda76b874533a0"}
,"/Users/jeonbyeongmin/project/project/took/src/components/Profile/index.tsx": {"path":"/Users/jeonbyeongmin/project/project/took/src/components/Profile/index.tsx","statementMap":{"0":{"start":{"line":13,"column":36},"end":{"line":13,"column":51}},"1":{"start":{"line":14,"column":34},"end":{"line":14,"column":54}},"2":{"start":{"line":16,"column":2},"end":{"line":27,"column":9}},"3":{"start":{"line":17,"column":4},"end":{"line":17,"column":23}},"4":{"start":{"line":18,"column":41},"end":{"line":18,"column":54}},"5":{"start":{"line":20,"column":4},"end":{"line":24,"column":7}},"6":{"start":{"line":26,"column":4},"end":{"line":26,"column":24}},"7":{"start":{"line":29,"column":2},"end":{"line":31,"column":3}},"8":{"start":{"line":30,"column":4},"end":{"line":30,"column":30}},"9":{"start":{"line":33,"column":2},"end":{"line":54,"column":4}}},"fnMap":{"0":{"name":"Profile","decl":{"start":{"line":12,"column":9},"end":{"line":12,"column":16}},"loc":{"start":{"line":12,"column":19},"end":{"line":55,"column":1}},"line":12},"1":{"name":"(anonymous_1)","decl":{"start":{"line":16,"column":12},"end":{"line":16,"column":13}},"loc":{"start":{"line":16,"column":18},"end":{"line":27,"column":3}},"line":16}},"branchMap":{"0":{"loc":{"start":{"line":21,"column":13},"end":{"line":21,"column":27}},"type":"binary-expr","locations":[{"start":{"line":21,"column":13},"end":{"line":21,"column":21}},{"start":{"line":21,"column":25},"end":{"line":21,"column":27}}],"line":21},"1":{"loc":{"start":{"line":22,"column":12},"end":{"line":22,"column":31}},"type":"binary-expr","locations":[{"start":{"line":22,"column":12},"end":{"line":22,"column":23}},{"start":{"line":22,"column":27},"end":{"line":22,"column":31}}],"line":22},"2":{"loc":{"start":{"line":23,"column":14},"end":{"line":23,"column":23}},"type":"binary-expr","locations":[{"start":{"line":23,"column":14},"end":{"line":23,"column":17}},{"start":{"line":23,"column":21},"end":{"line":23,"column":23}}],"line":23},"3":{"loc":{"start":{"line":29,"column":2},"end":{"line":31,"column":3}},"type":"if","locations":[{"start":{"line":29,"column":2},"end":{"line":31,"column":3}},{"start":{},"end":{}}],"line":29},"4":{"loc":{"start":{"line":38,"column":18},"end":{"line":38,"column":72}},"type":"cond-expr","locations":[{"start":{"line":38,"column":36},"end":{"line":38,"column":57}},{"start":{"line":38,"column":60},"end":{"line":38,"column":72}}],"line":38}},"s":{"0":2,"1":2,"2":2,"3":1,"4":1,"5":1,"6":1,"7":2,"8":0,"9":2},"f":{"0":2,"1":1},"b":{"0":[1,1],"1":[1,1],"2":[1,1],"3":[0,2],"4":[0,2]},"_coverageSchema":"1a1c01bbd47fc00a2c39e90264f33305004495a9","hash":"7869ba4eb7b4c1c91addbc0151d65278b6635690"}
,"/Users/jeonbyeongmin/project/project/took/src/components/TagList/index.tsx": {"path":"/Users/jeonbyeongmin/project/project/took/src/components/TagList/index.tsx","statementMap":{"0":{"start":{"line":11,"column":2},"end":{"line":19,"column":4}},"1":{"start":{"line":14,"column":8},"end":{"line":16,"column":15}}},"fnMap":{"0":{"name":"TagList","decl":{"start":{"line":10,"column":9},"end":{"line":10,"column":16}},"loc":{"start":{"line":10,"column":40},"end":{"line":20,"column":1}},"line":10},"1":{"name":"(anonymous_1)","decl":{"start":{"line":13,"column":16},"end":{"line":13,"column":17}},"loc":{"start":{"line":14,"column":8},"end":{"line":16,"column":15}},"line":14}},"branchMap":{},"s":{"0":1,"1":2},"f":{"0":1,"1":2},"b":{},"_coverageSchema":"1a1c01bbd47fc00a2c39e90264f33305004495a9","hash":"6d13cac056a101408288ea8f5f2c6ac5b71bec49"}
,"/Users/jeonbyeongmin/project/project/took/src/navigations/AuthNavigation.tsx": {"path":"/Users/jeonbyeongmin/project/project/took/src/navigations/AuthNavigation.tsx","statementMap":{"0":{"start":{"line":6,"column":14},"end":{"line":6,"column":42}},"1":{"start":{"line":9,"column":2},"end":{"line":22,"column":4}}},"fnMap":{"0":{"name":"AuthNaviagtion","decl":{"start":{"line":8,"column":9},"end":{"line":8,"column":23}},"loc":{"start":{"line":8,"column":26},"end":{"line":23,"column":1}},"line":8}},"branchMap":{},"s":{"0":1,"1":0},"f":{"0":0},"b":{},"_coverageSchema":"1a1c01bbd47fc00a2c39e90264f33305004495a9","hash":"61f6125a4631443f085c54eb145aca0ca511689b"}
,"/Users/jeonbyeongmin/project/project/took/src/navigations/MainNavigation.tsx": {"path":"/Users/jeonbyeongmin/project/project/took/src/navigations/MainNavigation.tsx","statementMap":{"0":{"start":{"line":10,"column":14},"end":{"line":10,"column":42}},"1":{"start":{"line":13,"column":2},"end":{"line":52,"column":4}}},"fnMap":{"0":{"name":"MainNavigation","decl":{"start":{"line":12,"column":9},"end":{"line":12,"column":23}},"loc":{"start":{"line":12,"column":26},"end":{"line":53,"column":1}},"line":12}},"branchMap":{},"s":{"0":1,"1":1},"f":{"0":1},"b":{},"_coverageSchema":"1a1c01bbd47fc00a2c39e90264f33305004495a9","hash":"e770964c6f85e2b6a5c18b16be106363a4b86b0f"}
,"/Users/jeonbyeongmin/project/project/took/src/navigations/TCRegisterNavigation.tsx": {"path":"/Users/jeonbyeongmin/project/project/took/src/navigations/TCRegisterNavigation.tsx","statementMap":{"0":{"start":{"line":7,"column":14},"end":{"line":7,"column":42}},"1":{"start":{"line":10,"column":2},"end":{"line":34,"column":4}}},"fnMap":{"0":{"name":"TCRegisterNavigation","decl":{"start":{"line":9,"column":9},"end":{"line":9,"column":29}},"loc":{"start":{"line":9,"column":32},"end":{"line":35,"column":1}},"line":9}},"branchMap":{},"s":{"0":1,"1":0},"f":{"0":0},"b":{},"_coverageSchema":"1a1c01bbd47fc00a2c39e90264f33305004495a9","hash":"a67d0ebc5ecab55876b80218cc5dadf833b0a74f"}
,"/Users/jeonbyeongmin/project/project/took/src/screens/HomeScreen.tsx": {"path":"/Users/jeonbyeongmin/project/project/took/src/screens/HomeScreen.tsx","statementMap":{"0":{"start":{"line":10,"column":2},"end":{"line":101,"column":4}},"1":{"start":{"line":13,"column":31},"end":{"line":13,"column":53}},"2":{"start":{"line":20,"column":27},"end":{"line":20,"column":59}},"3":{"start":{"line":38,"column":27},"end":{"line":38,"column":59}},"4":{"start":{"line":55,"column":48},"end":{"line":55,"column":70}},"5":{"start":{"line":81,"column":27},"end":{"line":81,"column":60}},"6":{"start":{"line":91,"column":27},"end":{"line":91,"column":49}}},"fnMap":{"0":{"name":"HomeScreen","decl":{"start":{"line":9,"column":9},"end":{"line":9,"column":19}},"loc":{"start":{"line":9,"column":39},"end":{"line":102,"column":1}},"line":9},"1":{"name":"(anonymous_1)","decl":{"start":{"line":13,"column":25},"end":{"line":13,"column":26}},"loc":{"start":{"line":13,"column":31},"end":{"line":13,"column":53}},"line":13},"2":{"name":"(anonymous_2)","decl":{"start":{"line":20,"column":21},"end":{"line":20,"column":22}},"loc":{"start":{"line":20,"column":27},"end":{"line":20,"column":59}},"line":20},"3":{"name":"(anonymous_3)","decl":{"start":{"line":38,"column":21},"end":{"line":38,"column":22}},"loc":{"start":{"line":38,"column":27},"end":{"line":38,"column":59}},"line":38},"4":{"name":"(anonymous_4)","decl":{"start":{"line":55,"column":42},"end":{"line":55,"column":43}},"loc":{"start":{"line":55,"column":48},"end":{"line":55,"column":70}},"line":55},"5":{"name":"(anonymous_5)","decl":{"start":{"line":81,"column":21},"end":{"line":81,"column":22}},"loc":{"start":{"line":81,"column":27},"end":{"line":81,"column":60}},"line":81},"6":{"name":"(anonymous_6)","decl":{"start":{"line":91,"column":21},"end":{"line":91,"column":22}},"loc":{"start":{"line":91,"column":27},"end":{"line":91,"column":49}},"line":91}},"branchMap":{},"s":{"0":1,"1":0,"2":0,"3":0,"4":0,"5":0,"6":0},"f":{"0":1,"1":0,"2":0,"3":0,"4":0,"5":0,"6":0},"b":{},"_coverageSchema":"1a1c01bbd47fc00a2c39e90264f33305004495a9","hash":"ce63452485de3e239d55d4483be4f86bcfb85773"}
,"/Users/jeonbyeongmin/project/project/took/src/screens/MapScreen.tsx": {"path":"/Users/jeonbyeongmin/project/project/took/src/screens/MapScreen.tsx","statementMap":{"0":{"start":{"line":27,"column":2},"end":{"line":35,"column":3}},"1":{"start":{"line":28,"column":4},"end":{"line":32,"column":5}},"2":{"start":{"line":29,"column":6},"end":{"line":31,"column":8}},"3":{"start":{"line":34,"column":4},"end":{"line":34,"column":19}},"4":{"start":{"line":42,"column":18},"end":{"line":127,"column":1}},"5":{"start":{"line":43,"column":34},"end":{"line":43,"column":76}},"6":{"start":{"line":44,"column":2},"end":{"line":59,"column":9}},"7":{"start":{"line":45,"column":4},"end":{"line":58,"column":7}},"8":{"start":{"line":46,"column":6},"end":{"line":57,"column":7}},"9":{"start":{"line":47,"column":8},"end":{"line":56,"column":10}},"10":{"start":{"line":49,"column":42},"end":{"line":49,"column":52}},"11":{"start":{"line":50,"column":12},"end":{"line":50,"column":47}},"12":{"start":{"line":53,"column":12},"end":{"line":53,"column":31}},"13":{"start":{"line":60,"column":2},"end":{"line":126,"column":4}},"14":{"start":{"line":65,"column":10},"end":{"line":65,"column":27}},"15":{"start":{"line":128,"column":19},"end":{"line":150,"column":1}},"16":{"start":{"line":137,"column":2},"end":{"line":149,"column":4}},"17":{"start":{"line":151,"column":20},"end":{"line":165,"column":1}},"18":{"start":{"line":152,"column":2},"end":{"line":164,"column":4}},"19":{"start":{"line":166,"column":16},"end":{"line":171,"column":1}},"20":{"start":{"line":172,"column":17},"end":{"line":175,"column":1}},"21":{"start":{"line":176,"column":19},"end":{"line":180,"column":1}},"22":{"start":{"line":181,"column":19},"end":{"line":187,"column":1}},"23":{"start":{"line":188,"column":15},"end":{"line":190,"column":1}},"24":{"start":{"line":192,"column":16},"end":{"line":195,"column":1}},"25":{"start":{"line":196,"column":14},"end":{"line":201,"column":1}}},"fnMap":{"0":{"name":"requestPermission","decl":{"start":{"line":26,"column":15},"end":{"line":26,"column":32}},"loc":{"start":{"line":26,"column":35},"end":{"line":36,"column":1}},"line":26},"1":{"name":"(anonymous_1)","decl":{"start":{"line":42,"column":18},"end":{"line":42,"column":19}},"loc":{"start":{"line":42,"column":41},"end":{"line":127,"column":1}},"line":42},"2":{"name":"(anonymous_2)","decl":{"start":{"line":44,"column":12},"end":{"line":44,"column":13}},"loc":{"start":{"line":44,"column":18},"end":{"line":59,"column":3}},"line":44},"3":{"name":"(anonymous_3)","decl":{"start":{"line":45,"column":29},"end":{"line":45,"column":30}},"loc":{"start":{"line":45,"column":39},"end":{"line":58,"column":5}},"line":45},"4":{"name":"(anonymous_4)","decl":{"start":{"line":48,"column":10},"end":{"line":48,"column":11}},"loc":{"start":{"line":48,"column":17},"end":{"line":51,"column":11}},"line":48},"5":{"name":"(anonymous_5)","decl":{"start":{"line":52,"column":10},"end":{"line":52,"column":11}},"loc":{"start":{"line":52,"column":19},"end":{"line":54,"column":11}},"line":52},"6":{"name":"(anonymous_6)","decl":{"start":{"line":64,"column":17},"end":{"line":64,"column":18}},"loc":{"start":{"line":64,"column":23},"end":{"line":66,"column":9}},"line":64},"7":{"name":"(anonymous_7)","decl":{"start":{"line":128,"column":19},"end":{"line":128,"column":20}},"loc":{"start":{"line":136,"column":6},"end":{"line":150,"column":1}},"line":136},"8":{"name":"(anonymous_8)","decl":{"start":{"line":151,"column":20},"end":{"line":151,"column":21}},"loc":{"start":{"line":151,"column":46},"end":{"line":165,"column":1}},"line":151}},"branchMap":{"0":{"loc":{"start":{"line":28,"column":4},"end":{"line":32,"column":5}},"type":"if","locations":[{"start":{"line":28,"column":4},"end":{"line":32,"column":5}},{"start":{},"end":{}}],"line":28},"1":{"loc":{"start":{"line":46,"column":6},"end":{"line":57,"column":7}},"type":"if","locations":[{"start":{"line":46,"column":6},"end":{"line":57,"column":7}},{"start":{},"end":{}}],"line":46},"2":{"loc":{"start":{"line":79,"column":11},"end":{"line":95,"column":11}},"type":"binary-expr","locations":[{"start":{"line":79,"column":11},"end":{"line":79,"column":19}},{"start":{"line":80,"column":12},"end":{"line":94,"column":22}}],"line":79}},"s":{"0":0,"1":0,"2":0,"3":0,"4":1,"5":0,"6":0,"7":0,"8":0,"9":0,"10":0,"11":0,"12":0,"13":0,"14":0,"15":1,"16":0,"17":1,"18":0,"19":1,"20":1,"21":1,"22":1,"23":1,"24":1,"25":1},"f":{"0":0,"1":0,"2":0,"3":0,"4":0,"5":0,"6":0,"7":0,"8":0},"b":{"0":[0,0],"1":[0,0],"2":[0,0]},"_coverageSchema":"1a1c01bbd47fc00a2c39e90264f33305004495a9","hash":"2825f0f527d522e22f46460fdca4e9eaa7c878f6"}
,"/Users/jeonbyeongmin/project/project/took/src/screens/UserScreen.tsx": {"path":"/Users/jeonbyeongmin/project/project/took/src/screens/UserScreen.tsx","statementMap":{"0":{"start":{"line":5,"column":2},"end":{"line":5,"column":33}}},"fnMap":{"0":{"name":"UserScreen","decl":{"start":{"line":4,"column":9},"end":{"line":4,"column":19}},"loc":{"start":{"line":4,"column":22},"end":{"line":6,"column":1}},"line":4}},"branchMap":{},"s":{"0":0},"f":{"0":0},"b":{},"_coverageSchema":"1a1c01bbd47fc00a2c39e90264f33305004495a9","hash":"c1648d63e2d7163840bbc1d2e9ecbaef534bdfb3"}
,"/Users/jeonbyeongmin/project/project/took/src/screens/Auth/LoginScreen.tsx": {"path":"/Users/jeonbyeongmin/project/project/took/src/screens/Auth/LoginScreen.tsx","statementMap":{"0":{"start":{"line":17,"column":17},"end":{"line":20,"column":4}},"1":{"start":{"line":22,"column":22},"end":{"line":22,"column":53}},"2":{"start":{"line":24,"column":19},"end":{"line":28,"column":3}},"3":{"start":{"line":25,"column":19},"end":{"line":25,"column":58}},"4":{"start":{"line":27,"column":4},"end":{"line":27,"column":24}},"5":{"start":{"line":34,"column":6},"end":{"line":34,"column":36}},"6":{"start":{"line":36,"column":2},"end":{"line":127,"column":4}},"7":{"start":{"line":47,"column":16},"end":{"line":53,"column":18}},"8":{"start":{"line":68,"column":16},"end":{"line":74,"column":18}},"9":{"start":{"line":97,"column":27},"end":{"line":97,"column":64}},"10":{"start":{"line":108,"column":27},"end":{"line":108,"column":54}}},"fnMap":{"0":{"name":"LoginScreen","decl":{"start":{"line":16,"column":9},"end":{"line":16,"column":20}},"loc":{"start":{"line":16,"column":40},"end":{"line":128,"column":1}},"line":16},"1":{"name":"(anonymous_1)","decl":{"start":{"line":24,"column":19},"end":{"line":24,"column":20}},"loc":{"start":{"line":24,"column":45},"end":{"line":28,"column":3}},"line":24},"2":{"name":"(anonymous_2)","decl":{"start":{"line":46,"column":22},"end":{"line":46,"column":23}},"loc":{"start":{"line":47,"column":16},"end":{"line":53,"column":18}},"line":47},"3":{"name":"(anonymous_3)","decl":{"start":{"line":67,"column":22},"end":{"line":67,"column":23}},"loc":{"start":{"line":68,"column":16},"end":{"line":74,"column":18}},"line":68},"4":{"name":"(anonymous_4)","decl":{"start":{"line":97,"column":21},"end":{"line":97,"column":22}},"loc":{"start":{"line":97,"column":27},"end":{"line":97,"column":64}},"line":97},"5":{"name":"(anonymous_5)","decl":{"start":{"line":108,"column":21},"end":{"line":108,"column":22}},"loc":{"start":{"line":108,"column":27},"end":{"line":108,"column":54}},"line":108}},"branchMap":{"0":{"loc":{"start":{"line":57,"column":13},"end":{"line":59,"column":13}},"type":"binary-expr","locations":[{"start":{"line":57,"column":13},"end":{"line":57,"column":25}},{"start":{"line":58,"column":14},"end":{"line":58,"column":53}}],"line":57},"1":{"loc":{"start":{"line":78,"column":13},"end":{"line":80,"column":13}},"type":"binary-expr","locations":[{"start":{"line":78,"column":13},"end":{"line":78,"column":28}},{"start":{"line":79,"column":14},"end":{"line":79,"column":51}}],"line":78}},"s":{"0":1,"1":1,"2":1,"3":0,"4":0,"5":1,"6":1,"7":1,"8":1,"9":0,"10":0},"f":{"0":1,"1":0,"2":1,"3":1,"4":0,"5":0},"b":{"0":[1,0],"1":[1,0]},"_coverageSchema":"1a1c01bbd47fc00a2c39e90264f33305004495a9","hash":"5b5b3bb93b67cb7c67355657e83ca22ffde800ef"}
,"/Users/jeonbyeongmin/project/project/took/src/screens/Auth/RegisterScreen.tsx": {"path":"/Users/jeonbyeongmin/project/project/took/src/screens/Auth/RegisterScreen.tsx","statementMap":{"0":{"start":{"line":18,"column":17},"end":{"line":26,"column":4}},"1":{"start":{"line":28,"column":22},"end":{"line":28,"column":53}},"2":{"start":{"line":30,"column":19},"end":{"line":36,"column":3}},"3":{"start":{"line":31,"column":16},"end":{"line":31,"column":66}},"4":{"start":{"line":33,"column":4},"end":{"line":35,"column":5}},"5":{"start":{"line":34,"column":6},"end":{"line":34,"column":39}},"6":{"start":{"line":42,"column":6},"end":{"line":42,"column":36}},"7":{"start":{"line":44,"column":2},"end":{"line":146,"column":4}},"8":{"start":{"line":54,"column":14},"end":{"line":60,"column":16}},"9":{"start":{"line":77,"column":16},"end":{"line":83,"column":18}},"10":{"start":{"line":99,"column":16},"end":{"line":105,"column":18}},"11":{"start":{"line":122,"column":14},"end":{"line":128,"column":16}}},"fnMap":{"0":{"name":"RegisterScreen","decl":{"start":{"line":17,"column":9},"end":{"line":17,"column":23}},"loc":{"start":{"line":17,"column":43},"end":{"line":147,"column":1}},"line":17},"1":{"name":"(anonymous_1)","decl":{"start":{"line":30,"column":19},"end":{"line":30,"column":20}},"loc":{"start":{"line":30,"column":45},"end":{"line":36,"column":3}},"line":30},"2":{"name":"(anonymous_2)","decl":{"start":{"line":53,"column":20},"end":{"line":53,"column":21}},"loc":{"start":{"line":54,"column":14},"end":{"line":60,"column":16}},"line":54},"3":{"name":"(anonymous_3)","decl":{"start":{"line":76,"column":22},"end":{"line":76,"column":23}},"loc":{"start":{"line":77,"column":16},"end":{"line":83,"column":18}},"line":77},"4":{"name":"(anonymous_4)","decl":{"start":{"line":98,"column":22},"end":{"line":98,"column":23}},"loc":{"start":{"line":99,"column":16},"end":{"line":105,"column":18}},"line":99},"5":{"name":"(anonymous_5)","decl":{"start":{"line":121,"column":20},"end":{"line":121,"column":21}},"loc":{"start":{"line":122,"column":14},"end":{"line":128,"column":16}},"line":122}},"branchMap":{"0":{"loc":{"start":{"line":33,"column":4},"end":{"line":35,"column":5}},"type":"if","locations":[{"start":{"line":33,"column":4},"end":{"line":35,"column":5}},{"start":{},"end":{}}],"line":33},"1":{"loc":{"start":{"line":64,"column":11},"end":{"line":66,"column":11}},"type":"binary-expr","locations":[{"start":{"line":64,"column":11},"end":{"line":64,"column":23}},{"start":{"line":65,"column":12},"end":{"line":65,"column":51}}],"line":64},"2":{"loc":{"start":{"line":87,"column":13},"end":{"line":89,"column":13}},"type":"binary-expr","locations":[{"start":{"line":87,"column":13},"end":{"line":87,"column":28}},{"start":{"line":88,"column":14},"end":{"line":88,"column":50}}],"line":87},"3":{"loc":{"start":{"line":109,"column":13},"end":{"line":111,"column":13}},"type":"binary-expr","locations":[{"start":{"line":109,"column":13},"end":{"line":109,"column":33}},{"start":{"line":110,"column":14},"end":{"line":110,"column":50}}],"line":109},"4":{"loc":{"start":{"line":132,"column":11},"end":{"line":132,"column":61}},"type":"binary-expr","locations":[{"start":{"line":132,"column":11},"end":{"line":132,"column":22}},{"start":{"line":132,"column":26},"end":{"line":132,"column":61}}],"line":132}},"s":{"0":7,"1":7,"2":7,"3":0,"4":0,"5":0,"6":7,"7":7,"8":8,"9":8,"10":8,"11":8},"f":{"0":7,"1":0,"2":8,"3":8,"4":8,"5":8},"b":{"0":[0,0],"1":[7,0],"2":[7,0],"3":[7,1],"4":[7,0]},"_coverageSchema":"1a1c01bbd47fc00a2c39e90264f33305004495a9","hash":"0499397c0ba11a2c898d32fc0b9a62579f31602e"}
,"/Users/jeonbyeongmin/project/project/took/src/screens/TCRegister/CameraScreen.tsx": {"path":"/Users/jeonbyeongmin/project/project/took/src/screens/TCRegister/CameraScreen.tsx","statementMap":{"0":{"start":{"line":10,"column":28},"end":{"line":10,"column":61}},"1":{"start":{"line":11,"column":34},"end":{"line":11,"column":54}},"2":{"start":{"line":13,"column":19},"end":{"line":19,"column":3}},"3":{"start":{"line":14,"column":4},"end":{"line":18,"column":7}},"4":{"start":{"line":21,"column":2},"end":{"line":23,"column":4}}},"fnMap":{"0":{"name":"CameraPage","decl":{"start":{"line":9,"column":9},"end":{"line":9,"column":19}},"loc":{"start":{"line":9,"column":46},"end":{"line":24,"column":1}},"line":9},"1":{"name":"(anonymous_1)","decl":{"start":{"line":13,"column":19},"end":{"line":13,"column":20}},"loc":{"start":{"line":13,"column":38},"end":{"line":19,"column":3}},"line":13}},"branchMap":{},"s":{"0":0,"1":0,"2":0,"3":0,"4":0},"f":{"0":0,"1":0},"b":{},"_coverageSchema":"1a1c01bbd47fc00a2c39e90264f33305004495a9","hash":"4115897b99b9dbd6db31fbc7ddac42985f152683"}
,"/Users/jeonbyeongmin/project/project/took/src/screens/TCRegister/TCRCategoryScreen.tsx": {"path":"/Users/jeonbyeongmin/project/project/took/src/screens/TCRegister/TCRCategoryScreen.tsx","statementMap":{"0":{"start":{"line":27,"column":36},"end":{"line":27,"column":48}},"1":{"start":{"line":28,"column":38},"end":{"line":28,"column":50}},"2":{"start":{"line":29,"column":34},"end":{"line":29,"column":56}},"3":{"start":{"line":30,"column":34},"end":{"line":30,"column":76}},"4":{"start":{"line":32,"column":2},"end":{"line":47,"column":9}},"5":{"start":{"line":33,"column":4},"end":{"line":46,"column":7}},"6":{"start":{"line":34,"column":6},"end":{"line":45,"column":7}},"7":{"start":{"line":35,"column":8},"end":{"line":44,"column":10}},"8":{"start":{"line":37,"column":42},"end":{"line":37,"column":52}},"9":{"start":{"line":38,"column":12},"end":{"line":38,"column":47}},"10":{"start":{"line":41,"column":12},"end":{"line":41,"column":31}},"11":{"start":{"line":49,"column":2},"end":{"line":116,"column":4}},"12":{"start":{"line":62,"column":14},"end":{"line":65,"column":17}},"13":{"start":{"line":68,"column":14},"end":{"line":71,"column":17}},"14":{"start":{"line":89,"column":32},"end":{"line":89,"column":50}},"15":{"start":{"line":97,"column":12},"end":{"line":100,"column":15}}},"fnMap":{"0":{"name":"RegistrationCategory","decl":{"start":{"line":26,"column":9},"end":{"line":26,"column":29}},"loc":{"start":{"line":26,"column":49},"end":{"line":117,"column":1}},"line":26},"1":{"name":"(anonymous_1)","decl":{"start":{"line":32,"column":12},"end":{"line":32,"column":13}},"loc":{"start":{"line":32,"column":18},"end":{"line":47,"column":3}},"line":32},"2":{"name":"(anonymous_2)","decl":{"start":{"line":33,"column":29},"end":{"line":33,"column":30}},"loc":{"start":{"line":33,"column":39},"end":{"line":46,"column":5}},"line":33},"3":{"name":"(anonymous_3)","decl":{"start":{"line":36,"column":10},"end":{"line":36,"column":11}},"loc":{"start":{"line":36,"column":17},"end":{"line":39,"column":11}},"line":36},"4":{"name":"(anonymous_4)","decl":{"start":{"line":40,"column":10},"end":{"line":40,"column":11}},"loc":{"start":{"line":40,"column":19},"end":{"line":42,"column":11}},"line":40},"5":{"name":"(anonymous_5)","decl":{"start":{"line":61,"column":28},"end":{"line":61,"column":29}},"loc":{"start":{"line":61,"column":38},"end":{"line":66,"column":13}},"line":61},"6":{"name":"(anonymous_6)","decl":{"start":{"line":67,"column":36},"end":{"line":67,"column":37}},"loc":{"start":{"line":67,"column":46},"end":{"line":72,"column":13}},"line":67},"7":{"name":"(anonymous_7)","decl":{"start":{"line":89,"column":24},"end":{"line":89,"column":25}},"loc":{"start":{"line":89,"column":32},"end":{"line":89,"column":50}},"line":89},"8":{"name":"(anonymous_8)","decl":{"start":{"line":96,"column":19},"end":{"line":96,"column":20}},"loc":{"start":{"line":96,"column":25},"end":{"line":101,"column":11}},"line":96}},"branchMap":{"0":{"loc":{"start":{"line":34,"column":6},"end":{"line":45,"column":7}},"type":"if","locations":[{"start":{"line":34,"column":6},"end":{"line":45,"column":7}},{"start":{},"end":{}}],"line":34},"1":{"loc":{"start":{"line":52,"column":9},"end":{"line":80,"column":9}},"type":"binary-expr","locations":[{"start":{"line":52,"column":9},"end":{"line":52,"column":17}},{"start":{"line":53,"column":10},"end":{"line":79,"column":20}}],"line":52}},"s":{"0":0,"1":0,"2":0,"3":0,"4":0,"5":0,"6":0,"7":0,"8":0,"9":0,"10":0,"11":0,"12":0,"13":0,"14":0,"15":0},"f":{"0":0,"1":0,"2":0,"3":0,"4":0,"5":0,"6":0,"7":0,"8":0},"b":{"0":[0,0],"1":[0,0]},"_coverageSchema":"1a1c01bbd47fc00a2c39e90264f33305004495a9","hash":"45d2838d0921441b91eb2691da1cbd6ac8cd41ec"}
,"/Users/jeonbyeongmin/project/project/took/src/screens/TCRegister/TCRInfoScreen.tsx": {"path":"/Users/jeonbyeongmin/project/project/took/src/screens/TCRegister/TCRInfoScreen.tsx","statementMap":{"0":{"start":{"line":21,"column":18},"end":{"line":29,"column":1}},"1":{"start":{"line":32,"column":38},"end":{"line":32,"column":71}},"2":{"start":{"line":33,"column":26},"end":{"line":38,"column":4}},"3":{"start":{"line":40,"column":23},"end":{"line":45,"column":3}},"4":{"start":{"line":41,"column":4},"end":{"line":41,"column":28}},"5":{"start":{"line":42,"column":4},"end":{"line":42,"column":27}},"6":{"start":{"line":44,"column":4},"end":{"line":44,"column":32}},"7":{"start":{"line":47,"column":2},"end":{"line":53,"column":4}},"8":{"start":{"line":58,"column":18},"end":{"line":87,"column":1}},"9":{"start":{"line":67,"column":2},"end":{"line":86,"column":4}},"10":{"start":{"line":89,"column":21},"end":{"line":116,"column":1}},"11":{"start":{"line":96,"column":2},"end":{"line":115,"column":4}}},"fnMap":{"0":{"name":"RegistrationInfo","decl":{"start":{"line":31,"column":9},"end":{"line":31,"column":25}},"loc":{"start":{"line":31,"column":52},"end":{"line":54,"column":1}},"line":31},"1":{"name":"(anonymous_1)","decl":{"start":{"line":40,"column":23},"end":{"line":40,"column":24}},"loc":{"start":{"line":40,"column":29},"end":{"line":45,"column":3}},"line":40},"2":{"name":"(anonymous_2)","decl":{"start":{"line":58,"column":18},"end":{"line":58,"column":19}},"loc":{"start":{"line":66,"column":6},"end":{"line":87,"column":1}},"line":66},"3":{"name":"(anonymous_3)","decl":{"start":{"line":89,"column":21},"end":{"line":89,"column":22}},"loc":{"start":{"line":95,"column":6},"end":{"line":116,"column":1}},"line":95}},"branchMap":{},"s":{"0":1,"1":0,"2":0,"3":0,"4":0,"5":0,"6":0,"7":0,"8":1,"9":0,"10":1,"11":0},"f":{"0":0,"1":0,"2":0,"3":0},"b":{},"_coverageSchema":"1a1c01bbd47fc00a2c39e90264f33305004495a9","hash":"2e57030d08d4370277abd607cf28ebca0bf2842d"}
}
