{"/Users/jeonbyeongmin/project/project/tooktest/took/App.tsx": {"path":"/Users/jeonbyeongmin/project/project/tooktest/took/App.tsx","statementMap":{"0":{"start":{"line":11,"column":14},"end":{"line":11,"column":42}},"1":{"start":{"line":14,"column":2},"end":{"line":47,"column":4}}},"fnMap":{"0":{"name":"App","decl":{"start":{"line":13,"column":9},"end":{"line":13,"column":12}},"loc":{"start":{"line":13,"column":15},"end":{"line":48,"column":1}},"line":13}},"branchMap":{},"s":{"0":1,"1":1},"f":{"0":1},"b":{},"_coverageSchema":"1a1c01bbd47fc00a2c39e90264f33305004495a9","hash":"7c227ef698ad87ec6acd1f8c10c95727448859fe"}
,"/Users/jeonbyeongmin/project/project/tooktest/took/assetsTransformer.js": {"path":"/Users/jeonbyeongmin/project/project/tooktest/took/assetsTransformer.js","statementMap":{"0":{"start":{"line":1,"column":13},"end":{"line":1,"column":28}},"1":{"start":{"line":3,"column":0},"end":{"line":7,"column":2}},"2":{"start":{"line":5,"column":4},"end":{"line":5,"column":79}}},"fnMap":{"0":{"name":"(anonymous_0)","decl":{"start":{"line":4,"column":2},"end":{"line":4,"column":3}},"loc":{"start":{"line":4,"column":42},"end":{"line":6,"column":3}},"line":4}},"branchMap":{},"s":{"0":1,"1":1,"2":0},"f":{"0":0},"b":{},"_coverageSchema":"1a1c01bbd47fc00a2c39e90264f33305004495a9","hash":"24720b96ea3cce01165a401e3e04e2ad34c5faa5"}
,"/Users/jeonbyeongmin/project/project/tooktest/took/src/components/BadgeList.tsx": {"path":"/Users/jeonbyeongmin/project/project/tooktest/took/src/components/BadgeList.tsx","statementMap":{"0":{"start":{"line":9,"column":18},"end":{"line":24,"column":1}},"1":{"start":{"line":10,"column":2},"end":{"line":23,"column":4}},"2":{"start":{"line":13,"column":8},"end":{"line":20,"column":16}},"3":{"start":{"line":26,"column":14},"end":{"line":28,"column":1}}},"fnMap":{"0":{"name":"(anonymous_0)","decl":{"start":{"line":9,"column":18},"end":{"line":9,"column":19}},"loc":{"start":{"line":9,"column":37},"end":{"line":24,"column":1}},"line":9},"1":{"name":"(anonymous_1)","decl":{"start":{"line":12,"column":16},"end":{"line":12,"column":17}},"loc":{"start":{"line":13,"column":8},"end":{"line":20,"column":16}},"line":13}},"branchMap":{},"s":{"0":1,"1":0,"2":0,"3":1},"f":{"0":0,"1":0},"b":{},"_coverageSchema":"1a1c01bbd47fc00a2c39e90264f33305004495a9","hash":"e13e327389210dc2452d3dc91d4a7a168dc81638"}
,"/Users/jeonbyeongmin/project/project/tooktest/took/src/components/BasicButton.tsx": {"path":"/Users/jeonbyeongmin/project/project/tooktest/took/src/components/BasicButton.tsx","statementMap":{"0":{"start":{"line":10,"column":20},"end":{"line":20,"column":1}},"1":{"start":{"line":11,"column":2},"end":{"line":19,"column":4}},"2":{"start":{"line":21,"column":19},"end":{"line":26,"column":1}}},"fnMap":{"0":{"name":"(anonymous_0)","decl":{"start":{"line":10,"column":20},"end":{"line":10,"column":21}},"loc":{"start":{"line":10,"column":52},"end":{"line":20,"column":1}},"line":10}},"branchMap":{},"s":{"0":1,"1":0,"2":1},"f":{"0":0},"b":{},"_coverageSchema":"1a1c01bbd47fc00a2c39e90264f33305004495a9","hash":"f006c9404308355a438e04a6ba0b1e9d65a7a3a1"}
,"/Users/jeonbyeongmin/project/project/tooktest/took/src/components/ImageBg.tsx": {"path":"/Users/jeonbyeongmin/project/project/tooktest/took/src/components/ImageBg.tsx","statementMap":{"0":{"start":{"line":9,"column":2},"end":{"line":19,"column":4}},"1":{"start":{"line":21,"column":11},"end":{"line":26,"column":1}}},"fnMap":{"0":{"name":"ImageBg","decl":{"start":{"line":8,"column":9},"end":{"line":8,"column":16}},"loc":{"start":{"line":8,"column":41},"end":{"line":20,"column":1}},"line":8}},"branchMap":{},"s":{"0":3,"1":1},"f":{"0":3},"b":{},"_coverageSchema":"1a1c01bbd47fc00a2c39e90264f33305004495a9","hash":"44f1f1cf904ca83933b290aa8a8dacb3a998ced3"}
,"/Users/jeonbyeongmin/project/project/tooktest/took/src/components/TagList.tsx": {"path":"/Users/jeonbyeongmin/project/project/tooktest/took/src/components/TagList.tsx","statementMap":{"0":{"start":{"line":9,"column":16},"end":{"line":19,"column":1}},"1":{"start":{"line":10,"column":2},"end":{"line":18,"column":4}},"2":{"start":{"line":13,"column":8},"end":{"line":15,"column":15}}},"fnMap":{"0":{"name":"(anonymous_0)","decl":{"start":{"line":9,"column":16},"end":{"line":9,"column":17}},"loc":{"start":{"line":9,"column":42},"end":{"line":19,"column":1}},"line":9},"1":{"name":"(anonymous_1)","decl":{"start":{"line":12,"column":16},"end":{"line":12,"column":17}},"loc":{"start":{"line":13,"column":8},"end":{"line":15,"column":15}},"line":13}},"branchMap":{},"s":{"0":1,"1":1,"2":2},"f":{"0":1,"1":2},"b":{},"_coverageSchema":"1a1c01bbd47fc00a2c39e90264f33305004495a9","hash":"1926ae12ab273f3e8ea29cf798170d48c7f92f07"}
,"/Users/jeonbyeongmin/project/project/tooktest/took/src/components/Main/MainBox.tsx": {"path":"/Users/jeonbyeongmin/project/project/tooktest/took/src/components/Main/MainBox.tsx","statementMap":{"0":{"start":{"line":13,"column":16},"end":{"line":34,"column":1}},"1":{"start":{"line":14,"column":2},"end":{"line":33,"column":4}},"2":{"start":{"line":35,"column":18},"end":{"line":37,"column":1}}},"fnMap":{"0":{"name":"(anonymous_0)","decl":{"start":{"line":13,"column":16},"end":{"line":13,"column":17}},"loc":{"start":{"line":13,"column":54},"end":{"line":34,"column":1}},"line":13}},"branchMap":{},"s":{"0":1,"1":2,"2":1},"f":{"0":2},"b":{},"_coverageSchema":"1a1c01bbd47fc00a2c39e90264f33305004495a9","hash":"fe73eabf5a3aebcea8cdedda7d4cb05860949970"}
,"/Users/jeonbyeongmin/project/project/tooktest/took/src/components/Main/NearByTrashBox.tsx": {"path":"/Users/jeonbyeongmin/project/project/tooktest/took/src/components/Main/NearByTrashBox.tsx","statementMap":{"0":{"start":{"line":8,"column":23},"end":{"line":38,"column":1}},"1":{"start":{"line":9,"column":2},"end":{"line":37,"column":4}}},"fnMap":{"0":{"name":"(anonymous_0)","decl":{"start":{"line":8,"column":23},"end":{"line":8,"column":24}},"loc":{"start":{"line":8,"column":38},"end":{"line":38,"column":1}},"line":8}},"branchMap":{},"s":{"0":1,"1":1},"f":{"0":1},"b":{},"_coverageSchema":"1a1c01bbd47fc00a2c39e90264f33305004495a9","hash":"9b96a229b3be224aeed83bea5022ab5521db6c28"}
,"/Users/jeonbyeongmin/project/project/tooktest/took/src/components/Main/ProfileBox.tsx": {"path":"/Users/jeonbyeongmin/project/project/tooktest/took/src/components/Main/ProfileBox.tsx","statementMap":{"0":{"start":{"line":14,"column":19},"end":{"line":47,"column":1}},"1":{"start":{"line":15,"column":2},"end":{"line":46,"column":4}},"2":{"start":{"line":48,"column":21},"end":{"line":48,"column":37}}},"fnMap":{"0":{"name":"(anonymous_0)","decl":{"start":{"line":14,"column":19},"end":{"line":14,"column":20}},"loc":{"start":{"line":14,"column":25},"end":{"line":47,"column":1}},"line":14}},"branchMap":{},"s":{"0":1,"1":1,"2":1},"f":{"0":1},"b":{},"_coverageSchema":"1a1c01bbd47fc00a2c39e90264f33305004495a9","hash":"dad7dfb7fbdab9e9c7e4702aa7105993a6630278"}
,"/Users/jeonbyeongmin/project/project/tooktest/took/src/components/Main/SmallBox.tsx": {"path":"/Users/jeonbyeongmin/project/project/tooktest/took/src/components/Main/SmallBox.tsx","statementMap":{"0":{"start":{"line":6,"column":17},"end":{"line":14,"column":1}},"1":{"start":{"line":7,"column":2},"end":{"line":13,"column":4}}},"fnMap":{"0":{"name":"(anonymous_0)","decl":{"start":{"line":6,"column":17},"end":{"line":6,"column":18}},"loc":{"start":{"line":6,"column":37},"end":{"line":14,"column":1}},"line":6}},"branchMap":{},"s":{"0":1,"1":2},"f":{"0":2},"b":{},"_coverageSchema":"1a1c01bbd47fc00a2c39e90264f33305004495a9","hash":"8401b14f6dadbc8d60345b39c9c915a8f0e3841c"}
,"/Users/jeonbyeongmin/project/project/tooktest/took/src/components/Main/index.tsx": {"path":"/Users/jeonbyeongmin/project/project/tooktest/took/src/components/Main/index.tsx","statementMap":{},"fnMap":{},"branchMap":{},"s":{},"f":{},"b":{},"_coverageSchema":"1a1c01bbd47fc00a2c39e90264f33305004495a9","hash":"504d4a6e9379d116635db58307370910aad7c3f5"}
,"/Users/jeonbyeongmin/project/project/tooktest/took/src/screens/Main.tsx": {"path":"/Users/jeonbyeongmin/project/project/tooktest/took/src/screens/Main.tsx","statementMap":{"0":{"start":{"line":21,"column":2},"end":{"line":53,"column":4}},"1":{"start":{"line":36,"column":29},"end":{"line":36,"column":55}},"2":{"start":{"line":42,"column":29},"end":{"line":42,"column":72}}},"fnMap":{"0":{"name":"Main","decl":{"start":{"line":20,"column":9},"end":{"line":20,"column":13}},"loc":{"start":{"line":20,"column":33},"end":{"line":54,"column":1}},"line":20},"1":{"name":"(anonymous_1)","decl":{"start":{"line":36,"column":23},"end":{"line":36,"column":24}},"loc":{"start":{"line":36,"column":29},"end":{"line":36,"column":55}},"line":36},"2":{"name":"(anonymous_2)","decl":{"start":{"line":42,"column":23},"end":{"line":42,"column":24}},"loc":{"start":{"line":42,"column":29},"end":{"line":42,"column":72}},"line":42}},"branchMap":{},"s":{"0":1,"1":0,"2":0},"f":{"0":1,"1":0,"2":0},"b":{},"_coverageSchema":"1a1c01bbd47fc00a2c39e90264f33305004495a9","hash":"8e95c11b0c47ba645c48667edbea0297e8b2aae4"}
,"/Users/jeonbyeongmin/project/project/tooktest/took/src/screens/Map.tsx": {"path":"/Users/jeonbyeongmin/project/project/tooktest/took/src/screens/Map.tsx","statementMap":{"0":{"start":{"line":24,"column":12},"end":{"line":74,"column":1}},"1":{"start":{"line":25,"column":2},"end":{"line":73,"column":4}},"2":{"start":{"line":31,"column":12},"end":{"line":31,"column":29}},"3":{"start":{"line":64,"column":38},"end":{"line":64,"column":62}},"4":{"start":{"line":75,"column":19},"end":{"line":97,"column":1}},"5":{"start":{"line":84,"column":2},"end":{"line":96,"column":4}},"6":{"start":{"line":98,"column":20},"end":{"line":112,"column":1}},"7":{"start":{"line":99,"column":2},"end":{"line":111,"column":4}},"8":{"start":{"line":113,"column":16},"end":{"line":118,"column":1}},"9":{"start":{"line":119,"column":17},"end":{"line":122,"column":1}},"10":{"start":{"line":123,"column":19},"end":{"line":127,"column":1}},"11":{"start":{"line":128,"column":19},"end":{"line":134,"column":1}},"12":{"start":{"line":135,"column":15},"end":{"line":137,"column":1}},"13":{"start":{"line":139,"column":16},"end":{"line":142,"column":1}},"14":{"start":{"line":143,"column":14},"end":{"line":148,"column":1}}},"fnMap":{"0":{"name":"(anonymous_0)","decl":{"start":{"line":24,"column":12},"end":{"line":24,"column":13}},"loc":{"start":{"line":24,"column":35},"end":{"line":74,"column":1}},"line":24},"1":{"name":"(anonymous_1)","decl":{"start":{"line":30,"column":19},"end":{"line":30,"column":20}},"loc":{"start":{"line":30,"column":25},"end":{"line":32,"column":11}},"line":30},"2":{"name":"(anonymous_2)","decl":{"start":{"line":64,"column":32},"end":{"line":64,"column":33}},"loc":{"start":{"line":64,"column":38},"end":{"line":64,"column":62}},"line":64},"3":{"name":"(anonymous_3)","decl":{"start":{"line":75,"column":19},"end":{"line":75,"column":20}},"loc":{"start":{"line":83,"column":6},"end":{"line":97,"column":1}},"line":83},"4":{"name":"(anonymous_4)","decl":{"start":{"line":98,"column":20},"end":{"line":98,"column":21}},"loc":{"start":{"line":98,"column":46},"end":{"line":112,"column":1}},"line":98}},"branchMap":{},"s":{"0":1,"1":0,"2":0,"3":0,"4":1,"5":0,"6":1,"7":0,"8":1,"9":1,"10":1,"11":1,"12":1,"13":1,"14":1},"f":{"0":0,"1":0,"2":0,"3":0,"4":0},"b":{},"_coverageSchema":"1a1c01bbd47fc00a2c39e90264f33305004495a9","hash":"f22cd773a02c6149e74d0c3cdeb3984344909977"}
,"/Users/jeonbyeongmin/project/project/tooktest/took/src/screens/RegistrationCategory.tsx": {"path":"/Users/jeonbyeongmin/project/project/tooktest/took/src/screens/RegistrationCategory.tsx","statementMap":{"0":{"start":{"line":15,"column":21},"end":{"line":76,"column":1}},"1":{"start":{"line":77,"column":29},"end":{"line":105,"column":1}},"2":{"start":{"line":78,"column":34},"end":{"line":78,"column":56}},"3":{"start":{"line":79,"column":2},"end":{"line":104,"column":4}},"4":{"start":{"line":90,"column":14},"end":{"line":90,"column":66}},"5":{"start":{"line":97,"column":14},"end":{"line":97,"column":54}},"6":{"start":{"line":106,"column":19},"end":{"line":114,"column":1}},"7":{"start":{"line":107,"column":2},"end":{"line":113,"column":4}}},"fnMap":{"0":{"name":"(anonymous_0)","decl":{"start":{"line":77,"column":29},"end":{"line":77,"column":30}},"loc":{"start":{"line":77,"column":66},"end":{"line":105,"column":1}},"line":77},"1":{"name":"(anonymous_1)","decl":{"start":{"line":89,"column":24},"end":{"line":89,"column":25}},"loc":{"start":{"line":90,"column":14},"end":{"line":90,"column":66}},"line":90},"2":{"name":"(anonymous_2)","decl":{"start":{"line":96,"column":21},"end":{"line":96,"column":22}},"loc":{"start":{"line":96,"column":27},"end":{"line":98,"column":13}},"line":96},"3":{"name":"(anonymous_3)","decl":{"start":{"line":106,"column":19},"end":{"line":106,"column":20}},"loc":{"start":{"line":106,"column":74},"end":{"line":114,"column":1}},"line":106}},"branchMap":{},"s":{"0":1,"1":1,"2":0,"3":0,"4":0,"5":0,"6":1,"7":0},"f":{"0":0,"1":0,"2":0,"3":0},"b":{},"_coverageSchema":"1a1c01bbd47fc00a2c39e90264f33305004495a9","hash":"95aedc8b78bd634d6476c372f1183f517b11e59e"}
,"/Users/jeonbyeongmin/project/project/tooktest/took/src/screens/RegistrationInfo.tsx": {"path":"/Users/jeonbyeongmin/project/project/tooktest/took/src/screens/RegistrationInfo.tsx","statementMap":{"0":{"start":{"line":7,"column":18},"end":{"line":15,"column":1}},"1":{"start":{"line":23,"column":25},"end":{"line":36,"column":1}},"2":{"start":{"line":24,"column":26},"end":{"line":24,"column":56}},"3":{"start":{"line":26,"column":2},"end":{"line":35,"column":4}},"4":{"start":{"line":39,"column":18},"end":{"line":68,"column":1}},"5":{"start":{"line":48,"column":2},"end":{"line":67,"column":4}},"6":{"start":{"line":69,"column":21},"end":{"line":96,"column":1}},"7":{"start":{"line":76,"column":2},"end":{"line":95,"column":4}}},"fnMap":{"0":{"name":"(anonymous_0)","decl":{"start":{"line":23,"column":25},"end":{"line":23,"column":26}},"loc":{"start":{"line":23,"column":40},"end":{"line":36,"column":1}},"line":23},"1":{"name":"(anonymous_1)","decl":{"start":{"line":39,"column":18},"end":{"line":39,"column":19}},"loc":{"start":{"line":47,"column":6},"end":{"line":68,"column":1}},"line":47},"2":{"name":"(anonymous_2)","decl":{"start":{"line":69,"column":21},"end":{"line":69,"column":22}},"loc":{"start":{"line":75,"column":6},"end":{"line":96,"column":1}},"line":75}},"branchMap":{},"s":{"0":1,"1":1,"2":0,"3":0,"4":1,"5":0,"6":1,"7":0},"f":{"0":0,"1":0,"2":0},"b":{},"_coverageSchema":"1a1c01bbd47fc00a2c39e90264f33305004495a9","hash":"d5e1608256e745b7784ec6176fbdcf31b15008f3"}
}
