TN:
SF:App.tsx
FN:13,App
FNF:1
FNH:1
FNDA:1,App
DA:11,1
DA:14,1
LF:2
LH:2
BRF:0
BRH:0
end_of_record
TN:
SF:assetsTransformer.js
FN:4,(anonymous_0)
FNF:1
FNH:0
FNDA:0,(anonymous_0)
DA:1,1
DA:3,1
DA:5,0
LF:3
LH:2
BRF:0
BRH:0
end_of_record
TN:
SF:src/components/BadgeList.tsx
FN:9,(anonymous_0)
FN:12,(anonymous_1)
FNF:2
FNH:0
FNDA:0,(anonymous_0)
FNDA:0,(anonymous_1)
DA:9,1
DA:10,0
DA:13,0
DA:26,1
LF:4
LH:2
BRF:0
BRH:0
end_of_record
TN:
SF:src/components/BasicButton.tsx
FN:10,(anonymous_0)
FNF:1
FNH:0
FNDA:0,(anonymous_0)
DA:10,1
DA:11,0
DA:21,1
LF:3
LH:2
BRF:0
BRH:0
end_of_record
TN:
SF:src/components/ImageBg.tsx
FN:8,ImageBg
FNF:1
FNH:1
FNDA:3,ImageBg
DA:9,3
DA:21,1
LF:2
LH:2
BRF:0
BRH:0
end_of_record
TN:
SF:src/components/TagList.tsx
FN:9,(anonymous_0)
FN:12,(anonymous_1)
FNF:2
FNH:2
FNDA:1,(anonymous_0)
FNDA:2,(anonymous_1)
DA:9,1
DA:10,1
DA:13,2
LF:3
LH:3
BRF:0
BRH:0
end_of_record
TN:
SF:src/components/Main/MainBox.tsx
FN:13,(anonymous_0)
FNF:1
FNH:1
FNDA:2,(anonymous_0)
DA:13,1
DA:14,2
DA:35,1
LF:3
LH:3
BRF:0
BRH:0
end_of_record
TN:
SF:src/components/Main/NearByTrashBox.tsx
FN:8,(anonymous_0)
FNF:1
FNH:1
FNDA:1,(anonymous_0)
DA:8,1
DA:9,1
LF:2
LH:2
BRF:0
BRH:0
end_of_record
TN:
SF:src/components/Main/ProfileBox.tsx
FN:14,(anonymous_0)
FNF:1
FNH:1
FNDA:1,(anonymous_0)
DA:14,1
DA:15,1
DA:48,1
LF:3
LH:3
BRF:0
BRH:0
end_of_record
TN:
SF:src/components/Main/SmallBox.tsx
FN:6,(anonymous_0)
FNF:1
FNH:1
FNDA:2,(anonymous_0)
DA:6,1
DA:7,2
LF:2
LH:2
BRF:0
BRH:0
end_of_record
TN:
SF:src/components/Main/index.tsx
FNF:0
FNH:0
LF:0
LH:0
BRF:0
BRH:0
end_of_record
TN:
SF:src/screens/Main.tsx
FN:20,Main
FN:36,(anonymous_1)
FN:42,(anonymous_2)
FNF:3
FNH:1
FNDA:1,Main
FNDA:0,(anonymous_1)
FNDA:0,(anonymous_2)
DA:21,1
DA:36,0
DA:42,0
LF:3
LH:1
BRF:0
BRH:0
end_of_record
TN:
SF:src/screens/Map.tsx
FN:24,(anonymous_0)
FN:30,(anonymous_1)
FN:64,(anonymous_2)
FN:75,(anonymous_3)
FN:98,(anonymous_4)
FNF:5
FNH:0
FNDA:0,(anonymous_0)
FNDA:0,(anonymous_1)
FNDA:0,(anonymous_2)
FNDA:0,(anonymous_3)
FNDA:0,(anonymous_4)
DA:24,1
DA:25,0
DA:31,0
DA:64,0
DA:75,1
DA:84,0
DA:98,1
DA:99,0
DA:113,1
DA:119,1
DA:123,1
DA:128,1
DA:135,1
DA:139,1
DA:143,1
LF:15
LH:10
BRF:0
BRH:0
end_of_record
TN:
SF:src/screens/RegistrationCategory.tsx
FN:77,(anonymous_0)
FN:89,(anonymous_1)
FN:96,(anonymous_2)
FN:106,(anonymous_3)
FNF:4
FNH:0
FNDA:0,(anonymous_0)
FNDA:0,(anonymous_1)
FNDA:0,(anonymous_2)
FNDA:0,(anonymous_3)
DA:15,1
DA:77,1
DA:78,0
DA:79,0
DA:90,0
DA:97,0
DA:106,1
DA:107,0
LF:8
LH:3
BRF:0
BRH:0
end_of_record
TN:
SF:src/screens/RegistrationInfo.tsx
FN:23,(anonymous_0)
FN:39,(anonymous_1)
FN:69,(anonymous_2)
FNF:3
FNH:0
FNDA:0,(anonymous_0)
FNDA:0,(anonymous_1)
FNDA:0,(anonymous_2)
DA:7,1
DA:23,1
DA:24,0
DA:26,0
DA:39,1
DA:48,0
DA:69,1
DA:76,0
LF:8
LH:4
BRF:0
BRH:0
end_of_record
