TN:
SF:App.tsx
FN:6,App
FNF:1
FNH:1
FNDA:1,App
DA:7,1
LF:1
LH:1
BRF:0
BRH:0
end_of_record
TN:
SF:assetsTransformer.js
FN:4,(anonymous_0)
FNF:1
FNH:0
FNDA:0,(anonymous_0)
DA:1,1
DA:3,1
DA:5,0
LF:3
LH:2
BRF:0
BRH:0
end_of_record
TN:
SF:src/common/HOC/AuthHOC.tsx
FN:4,(anonymous_0)
FN:5,AuthenticationCheck
FNF:2
FNH:1
FNDA:1,(anonymous_0)
FNDA:0,AuthenticationCheck
DA:9,0
DA:11,0
DA:13,1
LF:3
LH:1
BRF:0
BRH:0
end_of_record
TN:
SF:src/common/api/fireAuth.tsx
FN:3,isLoggedIn
FN:7,getUserInfo
FN:16,signIn
FN:26,signUp
FN:41,changeProfile
FN:53,subscribeAuth
FN:57,signOut
FNF:7
FNH:1
FNDA:0,isLoggedIn
FNDA:1,getUserInfo
FNDA:0,signIn
FNDA:0,signUp
FNDA:0,changeProfile
FNDA:0,subscribeAuth
FNDA:0,signOut
DA:4,0
DA:8,1
DA:9,1
DA:17,0
DA:18,0
DA:19,0
DA:21,0
DA:22,0
DA:27,0
DA:28,0
DA:33,0
DA:35,0
DA:37,0
DA:42,0
DA:43,0
DA:47,0
DA:49,0
DA:54,0
DA:58,0
LF:19
LH:2
BRDA:4,0,0,0
BRDA:4,0,1,0
BRF:2
BRH:0
end_of_record
TN:
SF:src/common/api/registation.tsx
FN:4,(anonymous_0)
FN:7,(anonymous_1)
FN:11,(anonymous_2)
FN:26,(anonymous_3)
FN:30,(anonymous_4)
FN:34,(anonymous_5)
FNF:6
FNH:0
FNDA:0,(anonymous_0)
FNDA:0,(anonymous_1)
FNDA:0,(anonymous_2)
FNDA:0,(anonymous_3)
FNDA:0,(anonymous_4)
FNDA:0,(anonymous_5)
DA:2,1
DA:4,1
DA:5,0
DA:8,0
DA:9,0
DA:12,0
DA:13,0
DA:14,0
DA:15,0
DA:16,0
DA:17,0
DA:19,0
DA:21,0
DA:23,0
DA:26,1
DA:27,0
DA:28,0
DA:31,0
DA:32,0
DA:35,0
DA:36,0
DA:37,0
DA:38,0
DA:39,0
DA:40,0
DA:42,0
DA:44,0
DA:46,0
LF:28
LH:3
BRDA:12,0,0,0
BRDA:12,0,1,0
BRDA:16,1,0,0
BRDA:16,1,1,0
BRDA:35,2,0,0
BRDA:35,2,1,0
BRDA:39,3,0,0
BRDA:39,3,1,0
BRF:8
BRH:0
end_of_record
TN:
SF:src/common/utils/categoryList.ts
FNF:0
FNH:0
DA:1,1
LF:1
LH:1
BRF:0
BRH:0
end_of_record
TN:
SF:src/common/utils/permission.tsx
FN:3,hasAndroidPermission
FN:15,requestPermission
FNF:2
FNH:0
FNDA:0,hasAndroidPermission
FNDA:0,requestPermission
DA:4,0
DA:6,0
DA:7,0
DA:8,0
DA:11,0
DA:12,0
DA:16,0
DA:17,0
DA:18,0
DA:23,0
LF:10
LH:0
BRDA:7,0,0,0
BRDA:7,0,1,0
BRDA:17,1,0,0
BRDA:17,1,1,0
BRF:4
BRH:0
end_of_record
TN:
SF:src/components/BackgroundImage/index.tsx
FN:10,BackgroundImage
FNF:1
FNH:1
FNDA:3,BackgroundImage
DA:11,3
DA:24,1
LF:2
LH:2
BRF:0
BRH:0
end_of_record
TN:
SF:src/components/BadgeList/index.tsx
FN:9,BadgeList
FN:12,(anonymous_1)
FNF:2
FNH:0
FNDA:0,BadgeList
FNDA:0,(anonymous_1)
DA:10,0
DA:13,0
DA:26,1
LF:3
LH:1
BRF:0
BRH:0
end_of_record
TN:
SF:src/components/Button/index.tsx
FN:10,Button
FNF:1
FNH:0
FNDA:0,Button
DA:11,0
DA:22,1
LF:2
LH:1
BRF:0
BRH:0
end_of_record
TN:
SF:src/components/Camera/index.tsx
FN:15,(anonymous_0)
FN:27,Camera
FN:28,(anonymous_2)
FN:41,(anonymous_3)
FN:76,(anonymous_4)
FN:82,(anonymous_5)
FNF:6
FNH:0
FNDA:0,(anonymous_0)
FNDA:0,Camera
FNDA:0,(anonymous_2)
FNDA:0,(anonymous_3)
FNDA:0,(anonymous_4)
FNDA:0,(anonymous_5)
DA:15,1
DA:16,0
DA:28,0
DA:30,0
DA:31,0
DA:34,0
DA:37,0
DA:41,0
DA:42,0
DA:43,0
DA:45,0
DA:46,0
DA:47,0
DA:49,0
DA:50,0
DA:53,0
DA:57,0
DA:77,0
DA:78,0
DA:80,0
DA:82,0
LF:21
LH:1
BRDA:45,0,0,0
BRDA:45,0,1,0
BRDA:46,1,0,0
BRDA:46,1,1,0
BRDA:46,2,0,0
BRDA:46,2,1,0
BRDA:77,3,0,0
BRDA:77,3,1,0
BRF:8
BRH:0
end_of_record
TN:
SF:src/components/CategoryCheckbox/index.tsx
FN:9,CategoryCheckbox
FN:16,(anonymous_1)
FN:22,(anonymous_2)
FNF:3
FNH:0
FNDA:0,CategoryCheckbox
FNDA:0,(anonymous_1)
FNDA:0,(anonymous_2)
DA:10,0
DA:17,0
DA:23,0
LF:3
LH:0
BRDA:17,0,0,0
BRDA:17,0,1,0
BRF:2
BRH:0
end_of_record
TN:
SF:src/components/ErrorMsg/index.tsx
FN:8,ErrorMsg
FNF:1
FNH:1
FNDA:1,ErrorMsg
DA:9,1
LF:1
LH:1
BRF:0
BRH:0
end_of_record
TN:
SF:src/components/Header/index.tsx
FN:10,Header
FNF:1
FNH:1
FNDA:1,Header
DA:11,1
LF:1
LH:1
BRF:0
BRH:0
end_of_record
TN:
SF:src/components/Icon/index.tsx
FN:9,BackIcon
FN:17,SettingIcon
FN:25,HeartOutlineIcon
FN:29,HeartIcon
FNF:4
FNH:1
FNDA:0,BackIcon
FNDA:1,SettingIcon
FNDA:0,HeartOutlineIcon
FNDA:0,HeartIcon
DA:10,0
DA:18,1
DA:26,0
DA:30,0
LF:4
LH:1
BRF:0
BRH:0
end_of_record
TN:
SF:src/components/Input/index.tsx
FN:13,Input
FNF:1
FNH:1
FNDA:34,Input
DA:14,34
DA:19,34
LF:2
LH:2
BRDA:14,0,0,0
BRDA:14,0,1,34
BRF:2
BRH:1
end_of_record
TN:
SF:src/components/PressableBox/index.tsx
FN:12,PressableBox
FN:23,(anonymous_1)
FNF:2
FNH:2
FNDA:6,PressableBox
FNDA:6,(anonymous_1)
DA:13,6
DA:24,6
LF:2
LH:2
BRDA:24,0,0,0
BRDA:24,0,1,6
BRF:2
BRH:1
end_of_record
TN:
SF:src/components/Profile/index.tsx
FN:12,Profile
FN:16,(anonymous_1)
FNF:2
FNH:2
FNDA:2,Profile
FNDA:1,(anonymous_1)
DA:13,2
DA:14,2
DA:16,2
DA:17,1
DA:18,1
DA:20,1
DA:26,1
DA:29,2
DA:30,0
DA:33,2
LF:10
LH:9
BRDA:21,0,0,1
BRDA:21,0,1,1
BRDA:22,1,0,1
BRDA:22,1,1,1
BRDA:23,2,0,1
BRDA:23,2,1,1
BRDA:29,3,0,0
BRDA:29,3,1,2
BRDA:38,4,0,0
BRDA:38,4,1,2
BRF:10
BRH:8
end_of_record
TN:
SF:src/components/TagList/index.tsx
FN:10,TagList
FN:13,(anonymous_1)
FNF:2
FNH:2
FNDA:1,TagList
FNDA:2,(anonymous_1)
DA:11,1
DA:14,2
LF:2
LH:2
BRF:0
BRH:0
end_of_record
TN:
SF:src/navigations/AuthNavigation.tsx
FN:8,AuthNaviagtion
FNF:1
FNH:0
FNDA:0,AuthNaviagtion
DA:6,1
DA:9,0
LF:2
LH:1
BRF:0
BRH:0
end_of_record
TN:
SF:src/navigations/MainNavigation.tsx
FN:12,MainNavigation
FNF:1
FNH:1
FNDA:1,MainNavigation
DA:10,1
DA:13,1
LF:2
LH:2
BRF:0
BRH:0
end_of_record
TN:
SF:src/navigations/TCRegisterNavigation.tsx
FN:9,TCRegisterNavigation
FNF:1
FNH:0
FNDA:0,TCRegisterNavigation
DA:7,1
DA:10,0
LF:2
LH:1
BRF:0
BRH:0
end_of_record
TN:
SF:src/screens/HomeScreen.tsx
FN:9,HomeScreen
FN:13,(anonymous_1)
FN:20,(anonymous_2)
FN:38,(anonymous_3)
FN:55,(anonymous_4)
FN:81,(anonymous_5)
FN:91,(anonymous_6)
FNF:7
FNH:1
FNDA:1,HomeScreen
FNDA:0,(anonymous_1)
FNDA:0,(anonymous_2)
FNDA:0,(anonymous_3)
FNDA:0,(anonymous_4)
FNDA:0,(anonymous_5)
FNDA:0,(anonymous_6)
DA:10,1
DA:13,0
DA:20,0
DA:38,0
DA:55,0
DA:81,0
DA:91,0
LF:7
LH:1
BRF:0
BRH:0
end_of_record
TN:
SF:src/screens/MapScreen.tsx
FN:26,requestPermission
FN:42,(anonymous_1)
FN:44,(anonymous_2)
FN:45,(anonymous_3)
FN:48,(anonymous_4)
FN:52,(anonymous_5)
FN:64,(anonymous_6)
FN:128,(anonymous_7)
FN:151,(anonymous_8)
FNF:9
FNH:0
FNDA:0,requestPermission
FNDA:0,(anonymous_1)
FNDA:0,(anonymous_2)
FNDA:0,(anonymous_3)
FNDA:0,(anonymous_4)
FNDA:0,(anonymous_5)
FNDA:0,(anonymous_6)
FNDA:0,(anonymous_7)
FNDA:0,(anonymous_8)
DA:27,0
DA:28,0
DA:29,0
DA:34,0
DA:42,1
DA:43,0
DA:44,0
DA:45,0
DA:46,0
DA:47,0
DA:49,0
DA:50,0
DA:53,0
DA:60,0
DA:65,0
DA:128,1
DA:137,0
DA:151,1
DA:152,0
DA:166,1
DA:172,1
DA:176,1
DA:181,1
DA:188,1
DA:192,1
DA:196,1
LF:26
LH:10
BRDA:28,0,0,0
BRDA:28,0,1,0
BRDA:46,1,0,0
BRDA:46,1,1,0
BRDA:79,2,0,0
BRDA:79,2,1,0
BRF:6
BRH:0
end_of_record
TN:
SF:src/screens/UserScreen.tsx
FN:4,UserScreen
FNF:1
FNH:0
FNDA:0,UserScreen
DA:5,0
LF:1
LH:0
BRF:0
BRH:0
end_of_record
TN:
SF:src/screens/Auth/LoginScreen.tsx
FN:16,LoginScreen
FN:24,(anonymous_1)
FN:46,(anonymous_2)
FN:67,(anonymous_3)
FN:97,(anonymous_4)
FN:108,(anonymous_5)
FNF:6
FNH:3
FNDA:1,LoginScreen
FNDA:0,(anonymous_1)
FNDA:1,(anonymous_2)
FNDA:1,(anonymous_3)
FNDA:0,(anonymous_4)
FNDA:0,(anonymous_5)
DA:17,1
DA:22,1
DA:24,1
DA:25,0
DA:27,0
DA:34,1
DA:36,1
DA:47,1
DA:68,1
DA:97,0
DA:108,0
LF:11
LH:7
BRDA:57,0,0,1
BRDA:57,0,1,0
BRDA:78,1,0,1
BRDA:78,1,1,0
BRF:4
BRH:2
end_of_record
TN:
SF:src/screens/Auth/RegisterScreen.tsx
FN:17,RegisterScreen
FN:30,(anonymous_1)
FN:53,(anonymous_2)
FN:76,(anonymous_3)
FN:98,(anonymous_4)
FN:121,(anonymous_5)
FNF:6
FNH:5
FNDA:7,RegisterScreen
FNDA:0,(anonymous_1)
FNDA:8,(anonymous_2)
FNDA:8,(anonymous_3)
FNDA:8,(anonymous_4)
FNDA:8,(anonymous_5)
DA:18,7
DA:28,7
DA:30,7
DA:31,0
DA:33,0
DA:34,0
DA:42,7
DA:44,7
DA:54,8
DA:77,8
DA:99,8
DA:122,8
LF:12
LH:9
BRDA:33,0,0,0
BRDA:33,0,1,0
BRDA:64,1,0,7
BRDA:64,1,1,0
BRDA:87,2,0,7
BRDA:87,2,1,0
BRDA:109,3,0,7
BRDA:109,3,1,1
BRDA:132,4,0,7
BRDA:132,4,1,0
BRF:10
BRH:5
end_of_record
TN:
SF:src/screens/TCRegister/CameraScreen.tsx
FN:9,CameraPage
FN:13,(anonymous_1)
FNF:2
FNH:0
FNDA:0,CameraPage
FNDA:0,(anonymous_1)
DA:10,0
DA:11,0
DA:13,0
DA:14,0
DA:21,0
LF:5
LH:0
BRF:0
BRH:0
end_of_record
TN:
SF:src/screens/TCRegister/TCRCategoryScreen.tsx
FN:26,RegistrationCategory
FN:32,(anonymous_1)
FN:33,(anonymous_2)
FN:36,(anonymous_3)
FN:40,(anonymous_4)
FN:61,(anonymous_5)
FN:67,(anonymous_6)
FN:89,(anonymous_7)
FN:96,(anonymous_8)
FNF:9
FNH:0
FNDA:0,RegistrationCategory
FNDA:0,(anonymous_1)
FNDA:0,(anonymous_2)
FNDA:0,(anonymous_3)
FNDA:0,(anonymous_4)
FNDA:0,(anonymous_5)
FNDA:0,(anonymous_6)
FNDA:0,(anonymous_7)
FNDA:0,(anonymous_8)
DA:27,0
DA:28,0
DA:29,0
DA:30,0
DA:32,0
DA:33,0
DA:34,0
DA:35,0
DA:37,0
DA:38,0
DA:41,0
DA:49,0
DA:62,0
DA:68,0
DA:89,0
DA:97,0
LF:16
LH:0
BRDA:34,0,0,0
BRDA:34,0,1,0
BRDA:52,1,0,0
BRDA:52,1,1,0
BRF:4
BRH:0
end_of_record
TN:
SF:src/screens/TCRegister/TCRInfoScreen.tsx
FN:31,RegistrationInfo
FN:40,(anonymous_1)
FN:58,(anonymous_2)
FN:89,(anonymous_3)
FNF:4
FNH:0
FNDA:0,RegistrationInfo
FNDA:0,(anonymous_1)
FNDA:0,(anonymous_2)
FNDA:0,(anonymous_3)
DA:21,1
DA:32,0
DA:33,0
DA:40,0
DA:41,0
DA:42,0
DA:44,0
DA:47,0
DA:58,1
DA:67,0
DA:89,1
DA:96,0
LF:12
LH:3
BRF:0
BRH:0
end_of_record
